<?xml version="1.0" encoding="UTF-8"?>
<coverage generated="1742807374432" clover="3.2.0">
  <project timestamp="1742807374432" name="All files">
    <metrics statements="169" coveredstatements="160" conditionals="125" coveredconditionals="110" methods="51" coveredmethods="48" elements="345" coveredelements="318" complexity="0" loc="169" ncloc="169" packages="1" files="5" classes="5"/>
    <file name="AddCar.jsx" path="D:\Faculty\MPP\CarShop\src\AddCar.jsx">
      <metrics statements="45" coveredstatements="40" conditionals="39" coveredconditionals="30" methods="13" coveredmethods="13"/>
      <line num="5" count="1" type="stmt"/>
      <line num="6" count="29" type="stmt"/>
      <line num="17" count="29" type="stmt"/>
      <line num="18" count="29" type="stmt"/>
      <line num="20" count="29" type="stmt"/>
      <line num="21" count="3" type="stmt"/>
      <line num="22" count="3" type="cond" truecount="1" falsecount="1"/>
      <line num="23" count="3" type="cond" truecount="1" falsecount="1"/>
      <line num="24" count="3" type="cond" truecount="4" falsecount="1"/>
      <line num="25" count="3" type="stmt"/>
      <line num="26" count="3" type="cond" truecount="2" falsecount="2"/>
      <line num="27" count="3" type="cond" truecount="1" falsecount="1"/>
      <line num="28" count="3" type="cond" truecount="1" falsecount="1"/>
      <line num="30" count="3" type="stmt"/>
      <line num="31" count="3" type="stmt"/>
      <line num="34" count="29" type="stmt"/>
      <line num="35" count="8" type="stmt"/>
      <line num="36" count="8" type="stmt"/>
      <line num="39" count="29" type="stmt"/>
      <line num="40" count="4" type="stmt"/>
      <line num="41" count="4" type="cond" truecount="1" falsecount="1"/>
      <line num="43" count="4" type="stmt"/>
      <line num="44" count="4" type="cond" truecount="2" falsecount="0"/>
      <line num="45" count="1" type="stmt"/>
      <line num="46" count="1" type="stmt"/>
      <line num="50" count="3" type="stmt"/>
      <line num="51" count="3" type="cond" truecount="2" falsecount="0"/>
      <line num="52" count="1" type="stmt"/>
      <line num="53" count="1" type="stmt"/>
      <line num="56" count="2" type="stmt"/>
      <line num="57" count="2" type="stmt"/>
      <line num="58" count="2" type="stmt"/>
      <line num="62" count="29" type="stmt"/>
      <line num="63" count="1" type="stmt"/>
      <line num="64" count="1" type="stmt"/>
      <line num="67" count="29" type="stmt"/>
      <line num="68" count="3" type="cond" truecount="1" falsecount="1"/>
      <line num="69" count="0" type="stmt"/>
      <line num="70" count="0" type="stmt"/>
      <line num="71" count="0" type="stmt"/>
      <line num="72" count="0" type="stmt"/>
      <line num="82" count="0" type="stmt"/>
      <line num="86" count="29" type="stmt"/>
      <line num="87" count="1" type="stmt"/>
      <line num="90" count="29" type="stmt"/>
    </file>
    <file name="CarDetail.jsx" path="D:\Faculty\MPP\CarShop\src\CarDetail.jsx">
      <metrics statements="17" coveredstatements="15" conditionals="6" coveredconditionals="4" methods="7" coveredmethods="5"/>
      <line num="7" count="1" type="stmt"/>
      <line num="8" count="4" type="stmt"/>
      <line num="9" count="4" type="stmt"/>
      <line num="10" count="4" type="stmt"/>
      <line num="12" count="4" type="cond" truecount="2" falsecount="0"/>
      <line num="13" count="1" type="stmt"/>
      <line num="19" count="3" type="stmt"/>
      <line num="20" count="0" type="stmt"/>
      <line num="24" count="3" type="stmt"/>
      <line num="25" count="1" type="stmt"/>
      <line num="26" count="1" type="cond" truecount="1" falsecount="1"/>
      <line num="28" count="1" type="stmt"/>
      <line num="29" count="1" type="stmt"/>
      <line num="30" count="1" type="stmt"/>
      <line num="34" count="3" type="stmt"/>
      <line num="65" count="3" type="cond" truecount="1" falsecount="1"/>
      <line num="68" count="0" type="stmt"/>
    </file>
    <file name="CarList.jsx" path="D:\Faculty\MPP\CarShop\src\CarList.jsx">
      <metrics statements="49" coveredstatements="48" conditionals="33" coveredconditionals="32" methods="17" coveredmethods="16"/>
      <line num="6" count="2" type="stmt"/>
      <line num="7" count="22" type="stmt"/>
      <line num="8" count="22" type="stmt"/>
      <line num="10" count="22" type="stmt"/>
      <line num="11" count="2" type="stmt"/>
      <line num="14" count="22" type="stmt"/>
      <line num="15" count="4" type="stmt"/>
      <line num="18" count="22" type="cond" truecount="2" falsecount="0"/>
      <line num="19" count="18" type="stmt"/>
      <line num="22" count="22" type="cond" truecount="2" falsecount="0"/>
      <line num="23" count="9" type="stmt"/>
      <line num="25" count="22" type="cond" truecount="2" falsecount="0"/>
      <line num="26" count="9" type="stmt"/>
      <line num="28" count="22" type="cond" truecount="2" falsecount="0"/>
      <line num="29" count="4" type="stmt"/>
      <line num="32" count="22" type="cond" truecount="2" falsecount="0"/>
      <line num="35" count="9" type="cond" truecount="3" falsecount="0"/>
      <line num="41" count="22" type="stmt"/>
      <line num="42" count="189" type="cond" truecount="2" falsecount="0"/>
      <line num="43" count="19" type="stmt"/>
      <line num="44" count="170" type="cond" truecount="2" falsecount="0"/>
      <line num="45" count="20" type="stmt"/>
      <line num="46" count="150" type="cond" truecount="2" falsecount="0"/>
      <line num="47" count="19" type="stmt"/>
      <line num="48" count="131" type="cond" truecount="2" falsecount="0"/>
      <line num="49" count="21" type="stmt"/>
      <line num="51" count="110" type="stmt"/>
      <line num="55" count="22" type="stmt"/>
      <line num="56" count="22" type="stmt"/>
      <line num="57" count="22" type="stmt"/>
      <line num="58" count="22" type="stmt"/>
      <line num="60" count="22" type="stmt"/>
      <line num="61" count="2" type="cond" truecount="3" falsecount="1"/>
      <line num="62" count="2" type="stmt"/>
      <line num="67" count="198" type="stmt"/>
      <line num="68" count="22" type="stmt"/>
      <line num="69" count="22" type="stmt"/>
      <line num="70" count="22" type="stmt"/>
      <line num="71" count="22" type="stmt"/>
      <line num="74" count="22" type="stmt"/>
      <line num="75" count="130" type="cond" truecount="2" falsecount="0"/>
      <line num="76" count="78" type="cond" truecount="2" falsecount="0"/>
      <line num="77" count="30" type="stmt"/>
      <line num="80" count="22" type="stmt"/>
      <line num="115" count="130" type="stmt"/>
      <line num="129" count="1" type="stmt"/>
      <line num="133" count="42" type="stmt"/>
      <line num="136" count="0" type="stmt"/>
      <line num="141" count="1" type="stmt"/>
    </file>
    <file name="Statistics.jsx" path="D:\Faculty\MPP\CarShop\src\Statistics.jsx">
      <metrics statements="7" coveredstatements="7" conditionals="2" coveredconditionals="2" methods="3" coveredmethods="3"/>
      <line num="4" count="2" type="stmt"/>
      <line num="5" count="5" type="cond" truecount="2" falsecount="0"/>
      <line num="7" count="22" type="stmt"/>
      <line num="8" count="4" type="stmt"/>
      <line num="9" count="4" type="stmt"/>
      <line num="10" count="22" type="stmt"/>
      <line num="12" count="4" type="stmt"/>
    </file>
    <file name="UpdateCar.jsx" path="D:\Faculty\MPP\CarShop\src\UpdateCar.jsx">
      <metrics statements="51" coveredstatements="50" conditionals="45" coveredconditionals="42" methods="11" coveredmethods="11"/>
      <line num="5" count="1" type="stmt"/>
      <line num="6" count="50" type="stmt"/>
      <line num="7" count="50" type="stmt"/>
      <line num="10" count="50" type="stmt"/>
      <line num="12" count="50" type="stmt"/>
      <line num="24" count="50" type="stmt"/>
      <line num="26" count="50" type="stmt"/>
      <line num="27" count="11" type="cond" truecount="1" falsecount="1"/>
      <line num="29" count="11" type="stmt"/>
      <line num="33" count="50" type="stmt"/>
      <line num="34" count="4" type="stmt"/>
      <line num="35" count="4" type="cond" truecount="2" falsecount="0"/>
      <line num="36" count="4" type="cond" truecount="2" falsecount="0"/>
      <line num="37" count="4" type="cond" truecount="5" falsecount="0"/>
      <line num="38" count="2" type="stmt"/>
      <line num="39" count="4" type="cond" truecount="4" falsecount="0"/>
      <line num="40" count="4" type="cond" truecount="2" falsecount="0"/>
      <line num="41" count="4" type="cond" truecount="2" falsecount="0"/>
      <line num="43" count="4" type="stmt"/>
      <line num="44" count="4" type="stmt"/>
      <line num="47" count="50" type="stmt"/>
      <line num="48" count="16" type="stmt"/>
      <line num="49" count="16" type="stmt"/>
      <line num="52" count="50" type="stmt"/>
      <line num="53" count="3" type="stmt"/>
      <line num="54" count="3" type="cond" truecount="1" falsecount="1"/>
      <line num="56" count="3" type="stmt"/>
      <line num="57" count="3" type="cond" truecount="2" falsecount="0"/>
      <line num="58" count="1" type="stmt"/>
      <line num="59" count="1" type="stmt"/>
      <line num="63" count="2" type="stmt"/>
      <line num="64" count="2" type="cond" truecount="2" falsecount="0"/>
      <line num="65" count="1" type="stmt"/>
      <line num="66" count="1" type="stmt"/>
      <line num="69" count="1" type="stmt"/>
      <line num="70" count="1" type="stmt"/>
      <line num="71" count="1" type="stmt"/>
      <line num="75" count="50" type="stmt"/>
      <line num="76" count="5" type="stmt"/>
      <line num="77" count="5" type="stmt"/>
      <line num="80" count="50" type="stmt"/>
      <line num="81" count="4" type="cond" truecount="2" falsecount="0"/>
      <line num="83" count="2" type="cond" truecount="2" falsecount="0"/>
      <line num="84" count="1" type="stmt"/>
      <line num="85" count="1" type="stmt"/>
      <line num="86" count="1" type="stmt"/>
      <line num="90" count="50" type="stmt"/>
      <line num="91" count="1" type="stmt"/>
      <line num="94" count="50" type="cond" truecount="1" falsecount="1"/>
      <line num="95" count="0" type="stmt"/>
      <line num="98" count="50" type="stmt"/>
    </file>
  </project>
</coverage>
