{"D:\\Faculty\\MPP\\CarShop\\src\\AddCar.jsx": {"path":"D:\\Faculty\\MPP\\CarShop\\src\\AddCar.jsx","statementMap":{"0":{"start":{"line":5,"column":15},"end":{"line":145,"column":1}},"1":{"start":{"line":6,"column":26},"end":{"line":15,"column":6}},"2":{"start":{"line":17,"column":32},"end":{"line":17,"column":44}},"3":{"start":{"line":18,"column":21},"end":{"line":18,"column":34}},"4":{"start":{"line":20,"column":25},"end":{"line":32,"column":5}},"5":{"start":{"line":21,"column":24},"end":{"line":21,"column":26}},"6":{"start":{"line":22,"column":8},"end":{"line":22,"column":67}},"7":{"start":{"line":22,"column":30},"end":{"line":22,"column":67}},"8":{"start":{"line":23,"column":8},"end":{"line":23,"column":70}},"9":{"start":{"line":23,"column":31},"end":{"line":23,"column":70}},"10":{"start":{"line":24,"column":8},"end":{"line":25,"column":51}},"11":{"start":{"line":25,"column":12},"end":{"line":25,"column":51}},"12":{"start":{"line":26,"column":8},"end":{"line":26,"column":83}},"13":{"start":{"line":26,"column":42},"end":{"line":26,"column":83}},"14":{"start":{"line":27,"column":8},"end":{"line":27,"column":88}},"15":{"start":{"line":27,"column":37},"end":{"line":27,"column":88}},"16":{"start":{"line":28,"column":8},"end":{"line":28,"column":59}},"17":{"start":{"line":28,"column":22},"end":{"line":28,"column":59}},"18":{"start":{"line":30,"column":8},"end":{"line":30,"column":29}},"19":{"start":{"line":31,"column":8},"end":{"line":31,"column":51}},"20":{"start":{"line":34,"column":25},"end":{"line":37,"column":5}},"21":{"start":{"line":35,"column":8},"end":{"line":35,"column":60}},"22":{"start":{"line":36,"column":8},"end":{"line":36,"column":74}},"23":{"start":{"line":36,"column":33},"end":{"line":36,"column":71}},"24":{"start":{"line":39,"column":30},"end":{"line":60,"column":5}},"25":{"start":{"line":40,"column":21},"end":{"line":40,"column":38}},"26":{"start":{"line":41,"column":8},"end":{"line":59,"column":9}},"27":{"start":{"line":43,"column":33},"end":{"line":43,"column":73}},"28":{"start":{"line":44,"column":12},"end":{"line":47,"column":13}},"29":{"start":{"line":45,"column":16},"end":{"line":45,"column":105}},"30":{"start":{"line":45,"column":41},"end":{"line":45,"column":102}},"31":{"start":{"line":46,"column":16},"end":{"line":46,"column":23}},"32":{"start":{"line":50,"column":28},"end":{"line":50,"column":43}},"33":{"start":{"line":51,"column":12},"end":{"line":54,"column":13}},"34":{"start":{"line":52,"column":16},"end":{"line":52,"column":103}},"35":{"start":{"line":52,"column":41},"end":{"line":52,"column":100}},"36":{"start":{"line":53,"column":16},"end":{"line":53,"column":23}},"37":{"start":{"line":56,"column":29},"end":{"line":56,"column":54}},"38":{"start":{"line":57,"column":12},"end":{"line":57,"column":46}},"39":{"start":{"line":58,"column":12},"end":{"line":58,"column":66}},"40":{"start":{"line":58,"column":37},"end":{"line":58,"column":63}},"41":{"start":{"line":62,"column":24},"end":{"line":65,"column":5}},"42":{"start":{"line":63,"column":8},"end":{"line":63,"column":53}},"43":{"start":{"line":63,"column":27},"end":{"line":63,"column":50}},"44":{"start":{"line":64,"column":8},"end":{"line":64,"column":80}},"45":{"start":{"line":64,"column":33},"end":{"line":64,"column":77}},"46":{"start":{"line":67,"column":25},"end":{"line":84,"column":5}},"47":{"start":{"line":68,"column":8},"end":{"line":83,"column":9}},"48":{"start":{"line":69,"column":12},"end":{"line":69,"column":43}},"49":{"start":{"line":70,"column":12},"end":{"line":70,"column":36}},"50":{"start":{"line":71,"column":12},"end":{"line":71,"column":45}},"51":{"start":{"line":72,"column":12},"end":{"line":81,"column":15}},"52":{"start":{"line":82,"column":12},"end":{"line":82,"column":26}},"53":{"start":{"line":86,"column":25},"end":{"line":88,"column":5}},"54":{"start":{"line":87,"column":8},"end":{"line":87,"column":22}},"55":{"start":{"line":90,"column":4},"end":{"line":144,"column":6}}},"fnMap":{"0":{"name":"(anonymous_0)","decl":{"start":{"line":5,"column":15},"end":{"line":5,"column":16}},"loc":{"start":{"line":5,"column":38},"end":{"line":145,"column":1}},"line":5},"1":{"name":"(anonymous_1)","decl":{"start":{"line":20,"column":25},"end":{"line":20,"column":26}},"loc":{"start":{"line":20,"column":31},"end":{"line":32,"column":5}},"line":20},"2":{"name":"(anonymous_2)","decl":{"start":{"line":34,"column":25},"end":{"line":34,"column":26}},"loc":{"start":{"line":34,"column":32},"end":{"line":37,"column":5}},"line":34},"3":{"name":"(anonymous_3)","decl":{"start":{"line":36,"column":18},"end":{"line":36,"column":19}},"loc":{"start":{"line":36,"column":33},"end":{"line":36,"column":71}},"line":36},"4":{"name":"(anonymous_4)","decl":{"start":{"line":39,"column":30},"end":{"line":39,"column":31}},"loc":{"start":{"line":39,"column":37},"end":{"line":60,"column":5}},"line":39},"5":{"name":"(anonymous_5)","decl":{"start":{"line":45,"column":26},"end":{"line":45,"column":27}},"loc":{"start":{"line":45,"column":41},"end":{"line":45,"column":102}},"line":45},"6":{"name":"(anonymous_6)","decl":{"start":{"line":52,"column":26},"end":{"line":52,"column":27}},"loc":{"start":{"line":52,"column":41},"end":{"line":52,"column":100}},"line":52},"7":{"name":"(anonymous_7)","decl":{"start":{"line":58,"column":22},"end":{"line":58,"column":23}},"loc":{"start":{"line":58,"column":37},"end":{"line":58,"column":63}},"line":58},"8":{"name":"(anonymous_8)","decl":{"start":{"line":62,"column":24},"end":{"line":62,"column":25}},"loc":{"start":{"line":62,"column":30},"end":{"line":65,"column":5}},"line":62},"9":{"name":"(anonymous_9)","decl":{"start":{"line":63,"column":15},"end":{"line":63,"column":16}},"loc":{"start":{"line":63,"column":27},"end":{"line":63,"column":50}},"line":63},"10":{"name":"(anonymous_10)","decl":{"start":{"line":64,"column":18},"end":{"line":64,"column":19}},"loc":{"start":{"line":64,"column":33},"end":{"line":64,"column":77}},"line":64},"11":{"name":"(anonymous_11)","decl":{"start":{"line":67,"column":25},"end":{"line":67,"column":26}},"loc":{"start":{"line":67,"column":31},"end":{"line":84,"column":5}},"line":67},"12":{"name":"(anonymous_12)","decl":{"start":{"line":86,"column":25},"end":{"line":86,"column":26}},"loc":{"start":{"line":86,"column":31},"end":{"line":88,"column":5}},"line":86}},"branchMap":{"0":{"loc":{"start":{"line":22,"column":8},"end":{"line":22,"column":67}},"type":"if","locations":[{"start":{"line":22,"column":8},"end":{"line":22,"column":67}},{"start":{},"end":{}}],"line":22},"1":{"loc":{"start":{"line":23,"column":8},"end":{"line":23,"column":70}},"type":"if","locations":[{"start":{"line":23,"column":8},"end":{"line":23,"column":70}},{"start":{},"end":{}}],"line":23},"2":{"loc":{"start":{"line":24,"column":8},"end":{"line":25,"column":51}},"type":"if","locations":[{"start":{"line":24,"column":8},"end":{"line":25,"column":51}},{"start":{},"end":{}}],"line":24},"3":{"loc":{"start":{"line":24,"column":12},"end":{"line":24,"column":79}},"type":"binary-expr","locations":[{"start":{"line":24,"column":12},"end":{"line":24,"column":21}},{"start":{"line":24,"column":25},"end":{"line":24,"column":40}},{"start":{"line":24,"column":44},"end":{"line":24,"column":79}}],"line":24},"4":{"loc":{"start":{"line":26,"column":8},"end":{"line":26,"column":83}},"type":"if","locations":[{"start":{"line":26,"column":8},"end":{"line":26,"column":83}},{"start":{},"end":{}}],"line":26},"5":{"loc":{"start":{"line":26,"column":12},"end":{"line":26,"column":40}},"type":"binary-expr","locations":[{"start":{"line":26,"column":12},"end":{"line":26,"column":22}},{"start":{"line":26,"column":26},"end":{"line":26,"column":40}}],"line":26},"6":{"loc":{"start":{"line":27,"column":8},"end":{"line":27,"column":88}},"type":"if","locations":[{"start":{"line":27,"column":8},"end":{"line":27,"column":88}},{"start":{},"end":{}}],"line":27},"7":{"loc":{"start":{"line":28,"column":8},"end":{"line":28,"column":59}},"type":"if","locations":[{"start":{"line":28,"column":8},"end":{"line":28,"column":59}},{"start":{},"end":{}}],"line":28},"8":{"loc":{"start":{"line":41,"column":8},"end":{"line":59,"column":9}},"type":"if","locations":[{"start":{"line":41,"column":8},"end":{"line":59,"column":9}},{"start":{},"end":{}}],"line":41},"9":{"loc":{"start":{"line":44,"column":12},"end":{"line":47,"column":13}},"type":"if","locations":[{"start":{"line":44,"column":12},"end":{"line":47,"column":13}},{"start":{},"end":{}}],"line":44},"10":{"loc":{"start":{"line":51,"column":12},"end":{"line":54,"column":13}},"type":"if","locations":[{"start":{"line":51,"column":12},"end":{"line":54,"column":13}},{"start":{},"end":{}}],"line":51},"11":{"loc":{"start":{"line":68,"column":8},"end":{"line":83,"column":9}},"type":"if","locations":[{"start":{"line":68,"column":8},"end":{"line":83,"column":9}},{"start":{},"end":{}}],"line":68},"12":{"loc":{"start":{"line":95,"column":17},"end":{"line":95,"column":70}},"type":"binary-expr","locations":[{"start":{"line":95,"column":17},"end":{"line":95,"column":28}},{"start":{"line":95,"column":32},"end":{"line":95,"column":70}}],"line":95},"13":{"loc":{"start":{"line":98,"column":17},"end":{"line":98,"column":72}},"type":"binary-expr","locations":[{"start":{"line":98,"column":17},"end":{"line":98,"column":29}},{"start":{"line":98,"column":33},"end":{"line":98,"column":72}}],"line":98},"14":{"loc":{"start":{"line":101,"column":17},"end":{"line":101,"column":70}},"type":"binary-expr","locations":[{"start":{"line":101,"column":17},"end":{"line":101,"column":28}},{"start":{"line":101,"column":32},"end":{"line":101,"column":70}}],"line":101},"15":{"loc":{"start":{"line":106,"column":17},"end":{"line":106,"column":72}},"type":"binary-expr","locations":[{"start":{"line":106,"column":17},"end":{"line":106,"column":29}},{"start":{"line":106,"column":33},"end":{"line":106,"column":72}}],"line":106},"16":{"loc":{"start":{"line":118,"column":17},"end":{"line":128,"column":17}},"type":"cond-expr","locations":[{"start":{"line":119,"column":20},"end":{"line":122,"column":23}},{"start":{"line":124,"column":20},"end":{"line":127,"column":23}}],"line":118},"17":{"loc":{"start":{"line":126,"column":25},"end":{"line":126,"column":76}},"type":"binary-expr","locations":[{"start":{"line":126,"column":25},"end":{"line":126,"column":35}},{"start":{"line":126,"column":39},"end":{"line":126,"column":76}}],"line":126},"18":{"loc":{"start":{"line":137,"column":13},"end":{"line":137,"column":80}},"type":"binary-expr","locations":[{"start":{"line":137,"column":13},"end":{"line":137,"column":31}},{"start":{"line":137,"column":35},"end":{"line":137,"column":80}}],"line":137}},"s":{"0":1,"1":29,"2":29,"3":29,"4":29,"5":3,"6":3,"7":3,"8":3,"9":3,"10":3,"11":3,"12":3,"13":3,"14":3,"15":3,"16":3,"17":3,"18":3,"19":3,"20":29,"21":8,"22":8,"23":8,"24":29,"25":4,"26":4,"27":4,"28":4,"29":1,"30":1,"31":1,"32":3,"33":3,"34":1,"35":1,"36":1,"37":2,"38":2,"39":2,"40":2,"41":29,"42":1,"43":1,"44":1,"45":1,"46":29,"47":3,"48":0,"49":0,"50":0,"51":0,"52":0,"53":29,"54":1,"55":29},"f":{"0":29,"1":3,"2":8,"3":8,"4":4,"5":1,"6":1,"7":2,"8":1,"9":1,"10":1,"11":3,"12":1},"b":{"0":[3,0],"1":[3,0],"2":[3,0],"3":[3,1,1],"4":[3,0],"5":[3,0],"6":[3,0],"7":[3,0],"8":[4,0],"9":[1,3],"10":[1,2],"11":[0,3],"12":[29,3],"13":[29,4],"14":[29,4],"15":[29,4],"16":[2,27],"17":[27,7],"18":[29,4]},"_coverageSchema":"1a1c01bbd47fc00a2c39e90264f33305004495a9","hash":"e7aaf2cb3ad169b2ad76ff3ab286229244253e40"}
,"D:\\Faculty\\MPP\\CarShop\\src\\CarDetail.jsx": {"path":"D:\\Faculty\\MPP\\CarShop\\src\\CarDetail.jsx","statementMap":{"0":{"start":{"line":7,"column":18},"end":{"line":79,"column":1}},"1":{"start":{"line":8,"column":19},"end":{"line":8,"column":30}},"2":{"start":{"line":9,"column":16},"end":{"line":9,"column":57}},"3":{"start":{"line":9,"column":33},"end":{"line":9,"column":56}},"4":{"start":{"line":10,"column":21},"end":{"line":10,"column":34}},"5":{"start":{"line":12,"column":4},"end":{"line":14,"column":5}},"6":{"start":{"line":13,"column":8},"end":{"line":13,"column":36}},"7":{"start":{"line":19,"column":24},"end":{"line":21,"column":5}},"8":{"start":{"line":20,"column":8},"end":{"line":20,"column":34}},"9":{"start":{"line":24,"column":25},"end":{"line":32,"column":5}},"10":{"start":{"line":25,"column":30},"end":{"line":25,"column":89}},"11":{"start":{"line":26,"column":8},"end":{"line":31,"column":9}},"12":{"start":{"line":28,"column":12},"end":{"line":28,"column":55}},"13":{"start":{"line":28,"column":37},"end":{"line":28,"column":52}},"14":{"start":{"line":29,"column":12},"end":{"line":29,"column":26}},"15":{"start":{"line":30,"column":12},"end":{"line":30,"column":28}},"16":{"start":{"line":34,"column":4},"end":{"line":78,"column":6}},"17":{"start":{"line":65,"column":37},"end":{"line":65,"column":75}},"18":{"start":{"line":68,"column":28},"end":{"line":73,"column":34}}},"fnMap":{"0":{"name":"(anonymous_0)","decl":{"start":{"line":7,"column":18},"end":{"line":7,"column":19}},"loc":{"start":{"line":7,"column":56},"end":{"line":79,"column":1}},"line":7},"1":{"name":"(anonymous_1)","decl":{"start":{"line":9,"column":26},"end":{"line":9,"column":27}},"loc":{"start":{"line":9,"column":33},"end":{"line":9,"column":56}},"line":9},"2":{"name":"(anonymous_2)","decl":{"start":{"line":19,"column":24},"end":{"line":19,"column":25}},"loc":{"start":{"line":19,"column":30},"end":{"line":21,"column":5}},"line":19},"3":{"name":"(anonymous_3)","decl":{"start":{"line":24,"column":25},"end":{"line":24,"column":26}},"loc":{"start":{"line":24,"column":31},"end":{"line":32,"column":5}},"line":24},"4":{"name":"(anonymous_4)","decl":{"start":{"line":28,"column":32},"end":{"line":28,"column":33}},"loc":{"start":{"line":28,"column":37},"end":{"line":28,"column":52}},"line":28},"5":{"name":"(anonymous_5)","decl":{"start":{"line":65,"column":32},"end":{"line":65,"column":33}},"loc":{"start":{"line":65,"column":37},"end":{"line":65,"column":75}},"line":65},"6":{"name":"(anonymous_6)","decl":{"start":{"line":67,"column":29},"end":{"line":67,"column":30}},"loc":{"start":{"line":68,"column":28},"end":{"line":73,"column":34}},"line":68}},"branchMap":{"0":{"loc":{"start":{"line":12,"column":4},"end":{"line":14,"column":5}},"type":"if","locations":[{"start":{"line":12,"column":4},"end":{"line":14,"column":5}},{"start":{},"end":{}}],"line":12},"1":{"loc":{"start":{"line":26,"column":8},"end":{"line":31,"column":9}},"type":"if","locations":[{"start":{"line":26,"column":8},"end":{"line":31,"column":9}},{"start":{},"end":{}}],"line":26},"2":{"loc":{"start":{"line":65,"column":37},"end":{"line":65,"column":75}},"type":"binary-expr","locations":[{"start":{"line":65,"column":37},"end":{"line":65,"column":52}},{"start":{"line":65,"column":56},"end":{"line":65,"column":75}}],"line":65}},"s":{"0":1,"1":4,"2":4,"3":4,"4":4,"5":4,"6":1,"7":3,"8":0,"9":3,"10":1,"11":1,"12":1,"13":1,"14":1,"15":1,"16":3,"17":3,"18":0},"f":{"0":4,"1":4,"2":0,"3":1,"4":1,"5":3,"6":0},"b":{"0":[1,3],"1":[1,0],"2":[3,0]},"_coverageSchema":"1a1c01bbd47fc00a2c39e90264f33305004495a9","hash":"6281e79c0002a7fdf05da529ad9b438c4df5c262"}
,"D:\\Faculty\\MPP\\CarShop\\src\\CarList.jsx": {"path":"D:\\Faculty\\MPP\\CarShop\\src\\CarList.jsx","statementMap":{"0":{"start":{"line":6,"column":16},"end":{"line":147,"column":1}},"1":{"start":{"line":7,"column":42},"end":{"line":7,"column":53}},"2":{"start":{"line":8,"column":38},"end":{"line":8,"column":50}},"3":{"start":{"line":10,"column":35},"end":{"line":12,"column":3}},"4":{"start":{"line":11,"column":4},"end":{"line":11,"column":50}},"5":{"start":{"line":14,"column":33},"end":{"line":16,"column":3}},"6":{"start":{"line":15,"column":4},"end":{"line":15,"column":38}},"7":{"start":{"line":18,"column":23},"end":{"line":20,"column":10}},"8":{"start":{"line":19,"column":27},"end":{"line":19,"column":59}},"9":{"start":{"line":22,"column":24},"end":{"line":24,"column":18}},"10":{"start":{"line":23,"column":35},"end":{"line":23,"column":70}},"11":{"start":{"line":25,"column":24},"end":{"line":27,"column":19}},"12":{"start":{"line":26,"column":36},"end":{"line":26,"column":57}},"13":{"start":{"line":28,"column":24},"end":{"line":30,"column":19}},"14":{"start":{"line":29,"column":36},"end":{"line":29,"column":57}},"15":{"start":{"line":32,"column":24},"end":{"line":39,"column":19}},"16":{"start":{"line":35,"column":10},"end":{"line":37,"column":70}},"17":{"start":{"line":41,"column":21},"end":{"line":53,"column":4}},"18":{"start":{"line":42,"column":4},"end":{"line":52,"column":5}},"19":{"start":{"line":43,"column":6},"end":{"line":43,"column":31}},"20":{"start":{"line":44,"column":11},"end":{"line":52,"column":5}},"21":{"start":{"line":45,"column":6},"end":{"line":45,"column":31}},"22":{"start":{"line":46,"column":11},"end":{"line":52,"column":5}},"23":{"start":{"line":47,"column":6},"end":{"line":47,"column":29}},"24":{"start":{"line":48,"column":11},"end":{"line":52,"column":5}},"25":{"start":{"line":49,"column":6},"end":{"line":49,"column":29}},"26":{"start":{"line":51,"column":6},"end":{"line":51,"column":15}},"27":{"start":{"line":55,"column":40},"end":{"line":55,"column":51}},"28":{"start":{"line":56,"column":21},"end":{"line":56,"column":64}},"29":{"start":{"line":57,"column":21},"end":{"line":57,"column":53}},"30":{"start":{"line":58,"column":23},"end":{"line":58,"column":78}},"31":{"start":{"line":60,"column":19},"end":{"line":64,"column":3}},"32":{"start":{"line":61,"column":4},"end":{"line":63,"column":5}},"33":{"start":{"line":62,"column":6},"end":{"line":62,"column":27}},"34":{"start":{"line":67,"column":17},"end":{"line":67,"column":43}},"35":{"start":{"line":67,"column":33},"end":{"line":67,"column":42}},"36":{"start":{"line":68,"column":24},"end":{"line":68,"column":43}},"37":{"start":{"line":69,"column":24},"end":{"line":69,"column":43}},"38":{"start":{"line":70,"column":28},"end":{"line":70,"column":82}},"39":{"start":{"line":71,"column":31},"end":{"line":71,"column":85}},"40":{"start":{"line":74,"column":27},"end":{"line":78,"column":3}},"41":{"start":{"line":75,"column":4},"end":{"line":75,"column":55}},"42":{"start":{"line":75,"column":36},"end":{"line":75,"column":55}},"43":{"start":{"line":76,"column":4},"end":{"line":76,"column":61}},"44":{"start":{"line":76,"column":39},"end":{"line":76,"column":61}},"45":{"start":{"line":77,"column":4},"end":{"line":77,"column":24}},"46":{"start":{"line":80,"column":2},"end":{"line":146,"column":4}},"47":{"start":{"line":115,"column":12},"end":{"line":123,"column":18}},"48":{"start":{"line":129,"column":31},"end":{"line":129,"column":56}},"49":{"start":{"line":133,"column":10},"end":{"line":139,"column":19}},"50":{"start":{"line":136,"column":27},"end":{"line":136,"column":46}},"51":{"start":{"line":141,"column":31},"end":{"line":141,"column":56}}},"fnMap":{"0":{"name":"(anonymous_0)","decl":{"start":{"line":6,"column":16},"end":{"line":6,"column":17}},"loc":{"start":{"line":6,"column":90},"end":{"line":147,"column":1}},"line":6},"1":{"name":"(anonymous_1)","decl":{"start":{"line":10,"column":35},"end":{"line":10,"column":36}},"loc":{"start":{"line":10,"column":46},"end":{"line":12,"column":3}},"line":10},"2":{"name":"(anonymous_2)","decl":{"start":{"line":14,"column":33},"end":{"line":14,"column":34}},"loc":{"start":{"line":14,"column":44},"end":{"line":16,"column":3}},"line":14},"3":{"name":"(anonymous_3)","decl":{"start":{"line":19,"column":18},"end":{"line":19,"column":19}},"loc":{"start":{"line":19,"column":27},"end":{"line":19,"column":59}},"line":19},"4":{"name":"(anonymous_4)","decl":{"start":{"line":23,"column":26},"end":{"line":23,"column":27}},"loc":{"start":{"line":23,"column":35},"end":{"line":23,"column":70}},"line":23},"5":{"name":"(anonymous_5)","decl":{"start":{"line":26,"column":27},"end":{"line":26,"column":28}},"loc":{"start":{"line":26,"column":36},"end":{"line":26,"column":57}},"line":26},"6":{"name":"(anonymous_6)","decl":{"start":{"line":29,"column":27},"end":{"line":29,"column":28}},"loc":{"start":{"line":29,"column":36},"end":{"line":29,"column":57}},"line":29},"7":{"name":"(anonymous_7)","decl":{"start":{"line":34,"column":8},"end":{"line":34,"column":9}},"loc":{"start":{"line":35,"column":10},"end":{"line":37,"column":70}},"line":35},"8":{"name":"(anonymous_8)","decl":{"start":{"line":41,"column":45},"end":{"line":41,"column":46}},"loc":{"start":{"line":41,"column":55},"end":{"line":53,"column":3}},"line":41},"9":{"name":"(anonymous_9)","decl":{"start":{"line":60,"column":19},"end":{"line":60,"column":20}},"loc":{"start":{"line":60,"column":29},"end":{"line":64,"column":3}},"line":60},"10":{"name":"(anonymous_10)","decl":{"start":{"line":67,"column":26},"end":{"line":67,"column":27}},"loc":{"start":{"line":67,"column":33},"end":{"line":67,"column":42}},"line":67},"11":{"name":"(anonymous_11)","decl":{"start":{"line":74,"column":27},"end":{"line":74,"column":28}},"loc":{"start":{"line":74,"column":38},"end":{"line":78,"column":3}},"line":74},"12":{"name":"(anonymous_12)","decl":{"start":{"line":114,"column":27},"end":{"line":114,"column":28}},"loc":{"start":{"line":115,"column":12},"end":{"line":123,"column":18}},"line":115},"13":{"name":"(anonymous_13)","decl":{"start":{"line":129,"column":25},"end":{"line":129,"column":26}},"loc":{"start":{"line":129,"column":31},"end":{"line":129,"column":56}},"line":129},"14":{"name":"(anonymous_14)","decl":{"start":{"line":132,"column":44},"end":{"line":132,"column":45}},"loc":{"start":{"line":133,"column":10},"end":{"line":139,"column":19}},"line":133},"15":{"name":"(anonymous_15)","decl":{"start":{"line":136,"column":21},"end":{"line":136,"column":22}},"loc":{"start":{"line":136,"column":27},"end":{"line":136,"column":46}},"line":136},"16":{"name":"(anonymous_16)","decl":{"start":{"line":141,"column":25},"end":{"line":141,"column":26}},"loc":{"start":{"line":141,"column":31},"end":{"line":141,"column":56}},"line":141}},"branchMap":{"0":{"loc":{"start":{"line":18,"column":23},"end":{"line":20,"column":10}},"type":"cond-expr","locations":[{"start":{"line":19,"column":6},"end":{"line":19,"column":60}},{"start":{"line":20,"column":6},"end":{"line":20,"column":10}}],"line":18},"1":{"loc":{"start":{"line":22,"column":24},"end":{"line":24,"column":18}},"type":"cond-expr","locations":[{"start":{"line":23,"column":6},"end":{"line":23,"column":71}},{"start":{"line":24,"column":6},"end":{"line":24,"column":18}}],"line":22},"2":{"loc":{"start":{"line":25,"column":24},"end":{"line":27,"column":19}},"type":"cond-expr","locations":[{"start":{"line":26,"column":6},"end":{"line":26,"column":58}},{"start":{"line":27,"column":6},"end":{"line":27,"column":19}}],"line":25},"3":{"loc":{"start":{"line":28,"column":24},"end":{"line":30,"column":19}},"type":"cond-expr","locations":[{"start":{"line":29,"column":6},"end":{"line":29,"column":58}},{"start":{"line":30,"column":6},"end":{"line":30,"column":19}}],"line":28},"4":{"loc":{"start":{"line":32,"column":24},"end":{"line":39,"column":19}},"type":"cond-expr","locations":[{"start":{"line":33,"column":6},"end":{"line":38,"column":7}},{"start":{"line":39,"column":6},"end":{"line":39,"column":19}}],"line":32},"5":{"loc":{"start":{"line":35,"column":10},"end":{"line":37,"column":70}},"type":"binary-expr","locations":[{"start":{"line":35,"column":10},"end":{"line":35,"column":66}},{"start":{"line":36,"column":10},"end":{"line":36,"column":67}},{"start":{"line":37,"column":10},"end":{"line":37,"column":70}}],"line":35},"6":{"loc":{"start":{"line":42,"column":4},"end":{"line":52,"column":5}},"type":"if","locations":[{"start":{"line":42,"column":4},"end":{"line":52,"column":5}},{"start":{"line":44,"column":11},"end":{"line":52,"column":5}}],"line":42},"7":{"loc":{"start":{"line":44,"column":11},"end":{"line":52,"column":5}},"type":"if","locations":[{"start":{"line":44,"column":11},"end":{"line":52,"column":5}},{"start":{"line":46,"column":11},"end":{"line":52,"column":5}}],"line":44},"8":{"loc":{"start":{"line":46,"column":11},"end":{"line":52,"column":5}},"type":"if","locations":[{"start":{"line":46,"column":11},"end":{"line":52,"column":5}},{"start":{"line":48,"column":11},"end":{"line":52,"column":5}}],"line":46},"9":{"loc":{"start":{"line":48,"column":11},"end":{"line":52,"column":5}},"type":"if","locations":[{"start":{"line":48,"column":11},"end":{"line":52,"column":5}},{"start":{"line":50,"column":11},"end":{"line":52,"column":5}}],"line":48},"10":{"loc":{"start":{"line":61,"column":4},"end":{"line":63,"column":5}},"type":"if","locations":[{"start":{"line":61,"column":4},"end":{"line":63,"column":5}},{"start":{},"end":{}}],"line":61},"11":{"loc":{"start":{"line":61,"column":8},"end":{"line":61,"column":39}},"type":"binary-expr","locations":[{"start":{"line":61,"column":8},"end":{"line":61,"column":17}},{"start":{"line":61,"column":21},"end":{"line":61,"column":39}}],"line":61},"12":{"loc":{"start":{"line":75,"column":4},"end":{"line":75,"column":55}},"type":"if","locations":[{"start":{"line":75,"column":4},"end":{"line":75,"column":55}},{"start":{},"end":{}}],"line":75},"13":{"loc":{"start":{"line":76,"column":4},"end":{"line":76,"column":61}},"type":"if","locations":[{"start":{"line":76,"column":4},"end":{"line":76,"column":61}},{"start":{},"end":{}}],"line":76},"14":{"loc":{"start":{"line":106,"column":9},"end":{"line":125,"column":9}},"type":"cond-expr","locations":[{"start":{"line":107,"column":10},"end":{"line":112,"column":16}},{"start":{"line":114,"column":10},"end":{"line":124,"column":12}}],"line":106},"15":{"loc":{"start":{"line":135,"column":23},"end":{"line":135,"column":64}},"type":"cond-expr","locations":[{"start":{"line":135,"column":51},"end":{"line":135,"column":59}},{"start":{"line":135,"column":62},"end":{"line":135,"column":64}}],"line":135}},"s":{"0":2,"1":22,"2":22,"3":22,"4":2,"5":22,"6":4,"7":22,"8":18,"9":22,"10":9,"11":22,"12":9,"13":22,"14":4,"15":22,"16":9,"17":22,"18":189,"19":19,"20":170,"21":20,"22":150,"23":19,"24":131,"25":21,"26":110,"27":22,"28":22,"29":22,"30":22,"31":22,"32":2,"33":2,"34":22,"35":198,"36":22,"37":22,"38":22,"39":22,"40":22,"41":130,"42":52,"43":78,"44":48,"45":30,"46":22,"47":130,"48":1,"49":42,"50":0,"51":1},"f":{"0":22,"1":2,"2":4,"3":18,"4":9,"5":9,"6":4,"7":9,"8":189,"9":2,"10":198,"11":130,"12":130,"13":1,"14":42,"15":0,"16":1},"b":{"0":[2,20],"1":[1,21],"2":[1,21],"3":[1,21],"4":[1,21],"5":[9,9,9],"6":[19,170],"7":[20,150],"8":[19,131],"9":[21,110],"10":[2,0],"11":[2,2],"12":[52,78],"13":[48,30],"14":[1,21],"15":[21,21]},"_coverageSchema":"1a1c01bbd47fc00a2c39e90264f33305004495a9","hash":"5cfd0cff591805738ef07f7924f9397aa334f371"}
,"D:\\Faculty\\MPP\\CarShop\\src\\Statistics.jsx": {"path":"D:\\Faculty\\MPP\\CarShop\\src\\Statistics.jsx","statementMap":{"0":{"start":{"line":4,"column":19},"end":{"line":28,"column":1}},"1":{"start":{"line":5,"column":2},"end":{"line":5,"column":37}},"2":{"start":{"line":5,"column":25},"end":{"line":5,"column":37}},"3":{"start":{"line":7,"column":17},"end":{"line":7,"column":43}},"4":{"start":{"line":7,"column":33},"end":{"line":7,"column":42}},"5":{"start":{"line":8,"column":19},"end":{"line":8,"column":38}},"6":{"start":{"line":9,"column":19},"end":{"line":9,"column":38}},"7":{"start":{"line":10,"column":19},"end":{"line":10,"column":68}},"8":{"start":{"line":10,"column":43},"end":{"line":10,"column":48}},"9":{"start":{"line":12,"column":2},"end":{"line":27,"column":4}}},"fnMap":{"0":{"name":"(anonymous_0)","decl":{"start":{"line":4,"column":19},"end":{"line":4,"column":20}},"loc":{"start":{"line":4,"column":33},"end":{"line":28,"column":1}},"line":4},"1":{"name":"(anonymous_1)","decl":{"start":{"line":7,"column":26},"end":{"line":7,"column":27}},"loc":{"start":{"line":7,"column":33},"end":{"line":7,"column":42}},"line":7},"2":{"name":"(anonymous_2)","decl":{"start":{"line":10,"column":33},"end":{"line":10,"column":34}},"loc":{"start":{"line":10,"column":43},"end":{"line":10,"column":48}},"line":10}},"branchMap":{"0":{"loc":{"start":{"line":5,"column":2},"end":{"line":5,"column":37}},"type":"if","locations":[{"start":{"line":5,"column":2},"end":{"line":5,"column":37}},{"start":{},"end":{}}],"line":5}},"s":{"0":2,"1":5,"2":1,"3":4,"4":22,"5":4,"6":4,"7":4,"8":22,"9":4},"f":{"0":5,"1":22,"2":22},"b":{"0":[1,4]},"_coverageSchema":"1a1c01bbd47fc00a2c39e90264f33305004495a9","hash":"57e02f62d4ef83ee5db3c24ae4eb1975e5bcbb4e"}
,"D:\\Faculty\\MPP\\CarShop\\src\\UpdateCar.jsx": {"path":"D:\\Faculty\\MPP\\CarShop\\src\\UpdateCar.jsx","statementMap":{"0":{"start":{"line":5,"column":18},"end":{"line":183,"column":1}},"1":{"start":{"line":6,"column":19},"end":{"line":6,"column":30}},"2":{"start":{"line":7,"column":21},"end":{"line":7,"column":34}},"3":{"start":{"line":10,"column":24},"end":{"line":10,"column":65}},"4":{"start":{"line":10,"column":41},"end":{"line":10,"column":64}},"5":{"start":{"line":12,"column":26},"end":{"line":22,"column":5}},"6":{"start":{"line":24,"column":32},"end":{"line":24,"column":44}},"7":{"start":{"line":26,"column":4},"end":{"line":31,"column":22}},"8":{"start":{"line":27,"column":8},"end":{"line":30,"column":9}},"9":{"start":{"line":29,"column":12},"end":{"line":29,"column":32}},"10":{"start":{"line":33,"column":25},"end":{"line":45,"column":5}},"11":{"start":{"line":34,"column":24},"end":{"line":34,"column":26}},"12":{"start":{"line":35,"column":8},"end":{"line":35,"column":67}},"13":{"start":{"line":35,"column":30},"end":{"line":35,"column":67}},"14":{"start":{"line":36,"column":8},"end":{"line":36,"column":70}},"15":{"start":{"line":36,"column":31},"end":{"line":36,"column":70}},"16":{"start":{"line":37,"column":8},"end":{"line":38,"column":51}},"17":{"start":{"line":38,"column":12},"end":{"line":38,"column":51}},"18":{"start":{"line":39,"column":8},"end":{"line":39,"column":83}},"19":{"start":{"line":39,"column":42},"end":{"line":39,"column":83}},"20":{"start":{"line":40,"column":8},"end":{"line":40,"column":88}},"21":{"start":{"line":40,"column":37},"end":{"line":40,"column":88}},"22":{"start":{"line":41,"column":8},"end":{"line":41,"column":59}},"23":{"start":{"line":41,"column":22},"end":{"line":41,"column":59}},"24":{"start":{"line":43,"column":8},"end":{"line":43,"column":29}},"25":{"start":{"line":44,"column":8},"end":{"line":44,"column":51}},"26":{"start":{"line":47,"column":25},"end":{"line":50,"column":5}},"27":{"start":{"line":48,"column":8},"end":{"line":48,"column":60}},"28":{"start":{"line":49,"column":8},"end":{"line":49,"column":54}},"29":{"start":{"line":52,"column":30},"end":{"line":73,"column":5}},"30":{"start":{"line":53,"column":21},"end":{"line":53,"column":38}},"31":{"start":{"line":54,"column":8},"end":{"line":72,"column":9}},"32":{"start":{"line":56,"column":33},"end":{"line":56,"column":73}},"33":{"start":{"line":57,"column":12},"end":{"line":60,"column":13}},"34":{"start":{"line":58,"column":16},"end":{"line":58,"column":85}},"35":{"start":{"line":59,"column":16},"end":{"line":59,"column":23}},"36":{"start":{"line":63,"column":28},"end":{"line":63,"column":43}},"37":{"start":{"line":64,"column":12},"end":{"line":67,"column":13}},"38":{"start":{"line":65,"column":16},"end":{"line":65,"column":83}},"39":{"start":{"line":66,"column":16},"end":{"line":66,"column":23}},"40":{"start":{"line":69,"column":29},"end":{"line":69,"column":44}},"41":{"start":{"line":70,"column":12},"end":{"line":70,"column":46}},"42":{"start":{"line":71,"column":12},"end":{"line":71,"column":46}},"43":{"start":{"line":75,"column":24},"end":{"line":78,"column":5}},"44":{"start":{"line":76,"column":8},"end":{"line":76,"column":55}},"45":{"start":{"line":76,"column":29},"end":{"line":76,"column":52}},"46":{"start":{"line":77,"column":8},"end":{"line":77,"column":60}},"47":{"start":{"line":80,"column":25},"end":{"line":88,"column":5}},"48":{"start":{"line":81,"column":8},"end":{"line":87,"column":9}},"49":{"start":{"line":83,"column":32},"end":{"line":83,"column":74}},"50":{"start":{"line":83,"column":47},"end":{"line":83,"column":72}},"51":{"start":{"line":84,"column":12},"end":{"line":84,"column":33}},"52":{"start":{"line":85,"column":12},"end":{"line":85,"column":47}},"53":{"start":{"line":86,"column":12},"end":{"line":86,"column":26}},"54":{"start":{"line":90,"column":25},"end":{"line":92,"column":5}},"55":{"start":{"line":91,"column":8},"end":{"line":91,"column":22}},"56":{"start":{"line":94,"column":4},"end":{"line":96,"column":5}},"57":{"start":{"line":95,"column":8},"end":{"line":95,"column":36}},"58":{"start":{"line":98,"column":4},"end":{"line":182,"column":6}}},"fnMap":{"0":{"name":"(anonymous_0)","decl":{"start":{"line":5,"column":18},"end":{"line":5,"column":19}},"loc":{"start":{"line":5,"column":41},"end":{"line":183,"column":1}},"line":5},"1":{"name":"(anonymous_1)","decl":{"start":{"line":10,"column":34},"end":{"line":10,"column":35}},"loc":{"start":{"line":10,"column":41},"end":{"line":10,"column":64}},"line":10},"2":{"name":"(anonymous_2)","decl":{"start":{"line":26,"column":14},"end":{"line":26,"column":15}},"loc":{"start":{"line":26,"column":20},"end":{"line":31,"column":5}},"line":26},"3":{"name":"(anonymous_3)","decl":{"start":{"line":33,"column":25},"end":{"line":33,"column":26}},"loc":{"start":{"line":33,"column":31},"end":{"line":45,"column":5}},"line":33},"4":{"name":"(anonymous_4)","decl":{"start":{"line":47,"column":25},"end":{"line":47,"column":26}},"loc":{"start":{"line":47,"column":32},"end":{"line":50,"column":5}},"line":47},"5":{"name":"(anonymous_5)","decl":{"start":{"line":52,"column":30},"end":{"line":52,"column":31}},"loc":{"start":{"line":52,"column":37},"end":{"line":73,"column":5}},"line":52},"6":{"name":"(anonymous_6)","decl":{"start":{"line":75,"column":24},"end":{"line":75,"column":25}},"loc":{"start":{"line":75,"column":30},"end":{"line":78,"column":5}},"line":75},"7":{"name":"(anonymous_7)","decl":{"start":{"line":76,"column":15},"end":{"line":76,"column":16}},"loc":{"start":{"line":76,"column":29},"end":{"line":76,"column":52}},"line":76},"8":{"name":"(anonymous_8)","decl":{"start":{"line":80,"column":25},"end":{"line":80,"column":26}},"loc":{"start":{"line":80,"column":31},"end":{"line":88,"column":5}},"line":80},"9":{"name":"(anonymous_9)","decl":{"start":{"line":83,"column":41},"end":{"line":83,"column":42}},"loc":{"start":{"line":83,"column":47},"end":{"line":83,"column":72}},"line":83},"10":{"name":"(anonymous_10)","decl":{"start":{"line":90,"column":25},"end":{"line":90,"column":26}},"loc":{"start":{"line":90,"column":31},"end":{"line":92,"column":5}},"line":90}},"branchMap":{"0":{"loc":{"start":{"line":27,"column":8},"end":{"line":30,"column":9}},"type":"if","locations":[{"start":{"line":27,"column":8},"end":{"line":30,"column":9}},{"start":{},"end":{}}],"line":27},"1":{"loc":{"start":{"line":35,"column":8},"end":{"line":35,"column":67}},"type":"if","locations":[{"start":{"line":35,"column":8},"end":{"line":35,"column":67}},{"start":{},"end":{}}],"line":35},"2":{"loc":{"start":{"line":36,"column":8},"end":{"line":36,"column":70}},"type":"if","locations":[{"start":{"line":36,"column":8},"end":{"line":36,"column":70}},{"start":{},"end":{}}],"line":36},"3":{"loc":{"start":{"line":37,"column":8},"end":{"line":38,"column":51}},"type":"if","locations":[{"start":{"line":37,"column":8},"end":{"line":38,"column":51}},{"start":{},"end":{}}],"line":37},"4":{"loc":{"start":{"line":37,"column":12},"end":{"line":37,"column":79}},"type":"binary-expr","locations":[{"start":{"line":37,"column":12},"end":{"line":37,"column":21}},{"start":{"line":37,"column":25},"end":{"line":37,"column":40}},{"start":{"line":37,"column":44},"end":{"line":37,"column":79}}],"line":37},"5":{"loc":{"start":{"line":39,"column":8},"end":{"line":39,"column":83}},"type":"if","locations":[{"start":{"line":39,"column":8},"end":{"line":39,"column":83}},{"start":{},"end":{}}],"line":39},"6":{"loc":{"start":{"line":39,"column":12},"end":{"line":39,"column":40}},"type":"binary-expr","locations":[{"start":{"line":39,"column":12},"end":{"line":39,"column":22}},{"start":{"line":39,"column":26},"end":{"line":39,"column":40}}],"line":39},"7":{"loc":{"start":{"line":40,"column":8},"end":{"line":40,"column":88}},"type":"if","locations":[{"start":{"line":40,"column":8},"end":{"line":40,"column":88}},{"start":{},"end":{}}],"line":40},"8":{"loc":{"start":{"line":41,"column":8},"end":{"line":41,"column":59}},"type":"if","locations":[{"start":{"line":41,"column":8},"end":{"line":41,"column":59}},{"start":{},"end":{}}],"line":41},"9":{"loc":{"start":{"line":54,"column":8},"end":{"line":72,"column":9}},"type":"if","locations":[{"start":{"line":54,"column":8},"end":{"line":72,"column":9}},{"start":{},"end":{}}],"line":54},"10":{"loc":{"start":{"line":57,"column":12},"end":{"line":60,"column":13}},"type":"if","locations":[{"start":{"line":57,"column":12},"end":{"line":60,"column":13}},{"start":{},"end":{}}],"line":57},"11":{"loc":{"start":{"line":64,"column":12},"end":{"line":67,"column":13}},"type":"if","locations":[{"start":{"line":64,"column":12},"end":{"line":67,"column":13}},{"start":{},"end":{}}],"line":64},"12":{"loc":{"start":{"line":81,"column":8},"end":{"line":87,"column":9}},"type":"if","locations":[{"start":{"line":81,"column":8},"end":{"line":87,"column":9}},{"start":{},"end":{}}],"line":81},"13":{"loc":{"start":{"line":83,"column":47},"end":{"line":83,"column":72}},"type":"cond-expr","locations":[{"start":{"line":83,"column":65},"end":{"line":83,"column":68}},{"start":{"line":83,"column":71},"end":{"line":83,"column":72}}],"line":83},"14":{"loc":{"start":{"line":94,"column":4},"end":{"line":96,"column":5}},"type":"if","locations":[{"start":{"line":94,"column":4},"end":{"line":96,"column":5}},{"start":{},"end":{}}],"line":94},"15":{"loc":{"start":{"line":109,"column":17},"end":{"line":109,"column":70}},"type":"binary-expr","locations":[{"start":{"line":109,"column":17},"end":{"line":109,"column":28}},{"start":{"line":109,"column":32},"end":{"line":109,"column":70}}],"line":109},"16":{"loc":{"start":{"line":118,"column":17},"end":{"line":118,"column":72}},"type":"binary-expr","locations":[{"start":{"line":118,"column":17},"end":{"line":118,"column":29}},{"start":{"line":118,"column":33},"end":{"line":118,"column":72}}],"line":118},"17":{"loc":{"start":{"line":127,"column":17},"end":{"line":127,"column":70}},"type":"binary-expr","locations":[{"start":{"line":127,"column":17},"end":{"line":127,"column":28}},{"start":{"line":127,"column":32},"end":{"line":127,"column":70}}],"line":127},"18":{"loc":{"start":{"line":152,"column":17},"end":{"line":152,"column":72}},"type":"binary-expr","locations":[{"start":{"line":152,"column":17},"end":{"line":152,"column":29}},{"start":{"line":152,"column":33},"end":{"line":152,"column":72}}],"line":152},"19":{"loc":{"start":{"line":156,"column":17},"end":{"line":166,"column":17}},"type":"cond-expr","locations":[{"start":{"line":157,"column":20},"end":{"line":160,"column":23}},{"start":{"line":162,"column":20},"end":{"line":165,"column":23}}],"line":156},"20":{"loc":{"start":{"line":164,"column":25},"end":{"line":164,"column":76}},"type":"binary-expr","locations":[{"start":{"line":164,"column":25},"end":{"line":164,"column":35}},{"start":{"line":164,"column":39},"end":{"line":164,"column":76}}],"line":164},"21":{"loc":{"start":{"line":175,"column":13},"end":{"line":175,"column":80}},"type":"binary-expr","locations":[{"start":{"line":175,"column":13},"end":{"line":175,"column":31}},{"start":{"line":175,"column":35},"end":{"line":175,"column":80}}],"line":175}},"s":{"0":1,"1":50,"2":50,"3":50,"4":50,"5":50,"6":50,"7":50,"8":11,"9":11,"10":50,"11":4,"12":4,"13":2,"14":4,"15":1,"16":4,"17":2,"18":4,"19":1,"20":4,"21":1,"22":4,"23":1,"24":4,"25":4,"26":50,"27":16,"28":16,"29":50,"30":3,"31":3,"32":3,"33":3,"34":1,"35":1,"36":2,"37":2,"38":1,"39":1,"40":1,"41":1,"42":1,"43":50,"44":5,"45":5,"46":5,"47":50,"48":4,"49":1,"50":2,"51":1,"52":1,"53":1,"54":50,"55":1,"56":50,"57":0,"58":50},"f":{"0":50,"1":50,"2":11,"3":4,"4":16,"5":3,"6":5,"7":5,"8":4,"9":2,"10":1},"b":{"0":[11,0],"1":[2,2],"2":[1,3],"3":[2,2],"4":[4,3,3],"5":[1,3],"6":[4,3],"7":[1,3],"8":[1,3],"9":[3,0],"10":[1,2],"11":[1,1],"12":[1,3],"13":[1,1],"14":[0,50],"15":[50,2],"16":[50,1],"17":[50,2],"18":[50,1],"19":[42,8],"20":[8,8],"21":[50,1]},"_coverageSchema":"1a1c01bbd47fc00a2c39e90264f33305004495a9","hash":"99131f18757dfdd57cc58e367e73fdf7f47bbcdf"}
}
