TN:
SF:src\AddCar.jsx
FN:5,(anonymous_0)
FN:20,(anonymous_1)
FN:34,(anonymous_2)
FN:36,(anonymous_3)
FN:39,(anonymous_4)
FN:45,(anonymous_5)
FN:52,(anonymous_6)
FN:58,(anonymous_7)
FN:62,(anonymous_8)
FN:63,(anonymous_9)
FN:64,(anonymous_10)
FN:67,(anonymous_11)
FN:86,(anonymous_12)
FNF:13
FNH:13
FNDA:29,(anonymous_0)
FNDA:3,(anonymous_1)
FNDA:8,(anonymous_2)
FNDA:8,(anonymous_3)
FNDA:4,(anonymous_4)
FNDA:1,(anonymous_5)
FNDA:1,(anonymous_6)
FNDA:2,(anonymous_7)
FNDA:1,(anonymous_8)
FNDA:1,(anonymous_9)
FNDA:1,(anonymous_10)
FNDA:3,(anonymous_11)
FNDA:1,(anonymous_12)
DA:5,1
DA:6,29
DA:17,29
DA:18,29
DA:20,29
DA:21,3
DA:22,3
DA:23,3
DA:24,3
DA:25,3
DA:26,3
DA:27,3
DA:28,3
DA:30,3
DA:31,3
DA:34,29
DA:35,8
DA:36,8
DA:39,29
DA:40,4
DA:41,4
DA:43,4
DA:44,4
DA:45,1
DA:46,1
DA:50,3
DA:51,3
DA:52,1
DA:53,1
DA:56,2
DA:57,2
DA:58,2
DA:62,29
DA:63,1
DA:64,1
DA:67,29
DA:68,3
DA:69,0
DA:70,0
DA:71,0
DA:72,0
DA:82,0
DA:86,29
DA:87,1
DA:90,29
LF:45
LH:40
BRDA:22,0,0,3
BRDA:22,0,1,0
BRDA:23,1,0,3
BRDA:23,1,1,0
BRDA:24,2,0,3
BRDA:24,2,1,0
BRDA:24,3,0,3
BRDA:24,3,1,1
BRDA:24,3,2,1
BRDA:26,4,0,3
BRDA:26,4,1,0
BRDA:26,5,0,3
BRDA:26,5,1,0
BRDA:27,6,0,3
BRDA:27,6,1,0
BRDA:28,7,0,3
BRDA:28,7,1,0
BRDA:41,8,0,4
BRDA:41,8,1,0
BRDA:44,9,0,1
BRDA:44,9,1,3
BRDA:51,10,0,1
BRDA:51,10,1,2
BRDA:68,11,0,0
BRDA:68,11,1,3
BRDA:95,12,0,29
BRDA:95,12,1,3
BRDA:98,13,0,29
BRDA:98,13,1,4
BRDA:101,14,0,29
BRDA:101,14,1,4
BRDA:106,15,0,29
BRDA:106,15,1,4
BRDA:118,16,0,2
BRDA:118,16,1,27
BRDA:126,17,0,27
BRDA:126,17,1,7
BRDA:137,18,0,29
BRDA:137,18,1,4
BRF:39
BRH:30
end_of_record
TN:
SF:src\CarDetail.jsx
FN:7,(anonymous_0)
FN:9,(anonymous_1)
FN:19,(anonymous_2)
FN:24,(anonymous_3)
FN:28,(anonymous_4)
FN:65,(anonymous_5)
FN:67,(anonymous_6)
FNF:7
FNH:5
FNDA:4,(anonymous_0)
FNDA:4,(anonymous_1)
FNDA:0,(anonymous_2)
FNDA:1,(anonymous_3)
FNDA:1,(anonymous_4)
FNDA:3,(anonymous_5)
FNDA:0,(anonymous_6)
DA:7,1
DA:8,4
DA:9,4
DA:10,4
DA:12,4
DA:13,1
DA:19,3
DA:20,0
DA:24,3
DA:25,1
DA:26,1
DA:28,1
DA:29,1
DA:30,1
DA:34,3
DA:65,3
DA:68,0
LF:17
LH:15
BRDA:12,0,0,1
BRDA:12,0,1,3
BRDA:26,1,0,1
BRDA:26,1,1,0
BRDA:65,2,0,3
BRDA:65,2,1,0
BRF:6
BRH:4
end_of_record
TN:
SF:src\CarList.jsx
FN:6,(anonymous_0)
FN:10,(anonymous_1)
FN:14,(anonymous_2)
FN:19,(anonymous_3)
FN:23,(anonymous_4)
FN:26,(anonymous_5)
FN:29,(anonymous_6)
FN:34,(anonymous_7)
FN:41,(anonymous_8)
FN:60,(anonymous_9)
FN:67,(anonymous_10)
FN:74,(anonymous_11)
FN:114,(anonymous_12)
FN:129,(anonymous_13)
FN:132,(anonymous_14)
FN:136,(anonymous_15)
FN:141,(anonymous_16)
FNF:17
FNH:16
FNDA:22,(anonymous_0)
FNDA:2,(anonymous_1)
FNDA:4,(anonymous_2)
FNDA:18,(anonymous_3)
FNDA:9,(anonymous_4)
FNDA:9,(anonymous_5)
FNDA:4,(anonymous_6)
FNDA:9,(anonymous_7)
FNDA:189,(anonymous_8)
FNDA:2,(anonymous_9)
FNDA:198,(anonymous_10)
FNDA:130,(anonymous_11)
FNDA:130,(anonymous_12)
FNDA:1,(anonymous_13)
FNDA:42,(anonymous_14)
FNDA:0,(anonymous_15)
FNDA:1,(anonymous_16)
DA:6,2
DA:7,22
DA:8,22
DA:10,22
DA:11,2
DA:14,22
DA:15,4
DA:18,22
DA:19,18
DA:22,22
DA:23,9
DA:25,22
DA:26,9
DA:28,22
DA:29,4
DA:32,22
DA:35,9
DA:41,22
DA:42,189
DA:43,19
DA:44,170
DA:45,20
DA:46,150
DA:47,19
DA:48,131
DA:49,21
DA:51,110
DA:55,22
DA:56,22
DA:57,22
DA:58,22
DA:60,22
DA:61,2
DA:62,2
DA:67,198
DA:68,22
DA:69,22
DA:70,22
DA:71,22
DA:74,22
DA:75,130
DA:76,78
DA:77,30
DA:80,22
DA:115,130
DA:129,1
DA:133,42
DA:136,0
DA:141,1
LF:49
LH:48
BRDA:18,0,0,2
BRDA:18,0,1,20
BRDA:22,1,0,1
BRDA:22,1,1,21
BRDA:25,2,0,1
BRDA:25,2,1,21
BRDA:28,3,0,1
BRDA:28,3,1,21
BRDA:32,4,0,1
BRDA:32,4,1,21
BRDA:35,5,0,9
BRDA:35,5,1,9
BRDA:35,5,2,9
BRDA:42,6,0,19
BRDA:42,6,1,170
BRDA:44,7,0,20
BRDA:44,7,1,150
BRDA:46,8,0,19
BRDA:46,8,1,131
BRDA:48,9,0,21
BRDA:48,9,1,110
BRDA:61,10,0,2
BRDA:61,10,1,0
BRDA:61,11,0,2
BRDA:61,11,1,2
BRDA:75,12,0,52
BRDA:75,12,1,78
BRDA:76,13,0,48
BRDA:76,13,1,30
BRDA:106,14,0,1
BRDA:106,14,1,21
BRDA:135,15,0,21
BRDA:135,15,1,21
BRF:33
BRH:32
end_of_record
TN:
SF:src\Statistics.jsx
FN:4,(anonymous_0)
FN:7,(anonymous_1)
FN:10,(anonymous_2)
FNF:3
FNH:3
FNDA:5,(anonymous_0)
FNDA:22,(anonymous_1)
FNDA:22,(anonymous_2)
DA:4,2
DA:5,5
DA:7,22
DA:8,4
DA:9,4
DA:10,22
DA:12,4
LF:7
LH:7
BRDA:5,0,0,1
BRDA:5,0,1,4
BRF:2
BRH:2
end_of_record
TN:
SF:src\UpdateCar.jsx
FN:5,(anonymous_0)
FN:10,(anonymous_1)
FN:26,(anonymous_2)
FN:33,(anonymous_3)
FN:47,(anonymous_4)
FN:52,(anonymous_5)
FN:75,(anonymous_6)
FN:76,(anonymous_7)
FN:80,(anonymous_8)
FN:83,(anonymous_9)
FN:90,(anonymous_10)
FNF:11
FNH:11
FNDA:50,(anonymous_0)
FNDA:50,(anonymous_1)
FNDA:11,(anonymous_2)
FNDA:4,(anonymous_3)
FNDA:16,(anonymous_4)
FNDA:3,(anonymous_5)
FNDA:5,(anonymous_6)
FNDA:5,(anonymous_7)
FNDA:4,(anonymous_8)
FNDA:2,(anonymous_9)
FNDA:1,(anonymous_10)
DA:5,1
DA:6,50
DA:7,50
DA:10,50
DA:12,50
DA:24,50
DA:26,50
DA:27,11
DA:29,11
DA:33,50
DA:34,4
DA:35,4
DA:36,4
DA:37,4
DA:38,2
DA:39,4
DA:40,4
DA:41,4
DA:43,4
DA:44,4
DA:47,50
DA:48,16
DA:49,16
DA:52,50
DA:53,3
DA:54,3
DA:56,3
DA:57,3
DA:58,1
DA:59,1
DA:63,2
DA:64,2
DA:65,1
DA:66,1
DA:69,1
DA:70,1
DA:71,1
DA:75,50
DA:76,5
DA:77,5
DA:80,50
DA:81,4
DA:83,2
DA:84,1
DA:85,1
DA:86,1
DA:90,50
DA:91,1
DA:94,50
DA:95,0
DA:98,50
LF:51
LH:50
BRDA:27,0,0,11
BRDA:27,0,1,0
BRDA:35,1,0,2
BRDA:35,1,1,2
BRDA:36,2,0,1
BRDA:36,2,1,3
BRDA:37,3,0,2
BRDA:37,3,1,2
BRDA:37,4,0,4
BRDA:37,4,1,3
BRDA:37,4,2,3
BRDA:39,5,0,1
BRDA:39,5,1,3
BRDA:39,6,0,4
BRDA:39,6,1,3
BRDA:40,7,0,1
BRDA:40,7,1,3
BRDA:41,8,0,1
BRDA:41,8,1,3
BRDA:54,9,0,3
BRDA:54,9,1,0
BRDA:57,10,0,1
BRDA:57,10,1,2
BRDA:64,11,0,1
BRDA:64,11,1,1
BRDA:81,12,0,1
BRDA:81,12,1,3
BRDA:83,13,0,1
BRDA:83,13,1,1
BRDA:94,14,0,0
BRDA:94,14,1,50
BRDA:109,15,0,50
BRDA:109,15,1,2
BRDA:118,16,0,50
BRDA:118,16,1,1
BRDA:127,17,0,50
BRDA:127,17,1,2
BRDA:152,18,0,50
BRDA:152,18,1,1
BRDA:156,19,0,42
BRDA:156,19,1,8
BRDA:164,20,0,8
BRDA:164,20,1,8
BRDA:175,21,0,50
BRDA:175,21,1,1
BRF:45
BRH:42
end_of_record
