<?xml version="1.0" encoding="UTF-8"?>
<coverage generated="1743407456087" clover="3.2.0">
  <project timestamp="1743407456087" name="All files">
    <metrics statements="96" coveredstatements="82" conditionals="68" coveredconditionals="54" methods="13" coveredmethods="11" elements="177" coveredelements="147" complexity="0" loc="96" ncloc="96" packages="2" files="2" classes="2"/>
    <package name="controllers">
      <metrics statements="81" coveredstatements="70" conditionals="68" coveredconditionals="54" methods="11" coveredmethods="11"/>
      <file name="carController.js" path="D:\Faculty\MPP\CarShopBackend\controllers\carController.js">
        <metrics statements="81" coveredstatements="70" conditionals="68" coveredconditionals="54" methods="11" coveredmethods="11"/>
        <line num="2" count="2" type="stmt"/>
        <line num="3" count="2" type="stmt"/>
        <line num="4" count="2" type="stmt"/>
        <line num="7" count="2" type="stmt"/>
        <line num="45" count="2" type="stmt"/>
        <line num="46" count="9" type="stmt"/>
        <line num="49" count="9" type="cond" truecount="4" falsecount="0"/>
        <line num="50" count="2" type="stmt"/>
        <line num="53" count="9" type="cond" truecount="4" falsecount="0"/>
        <line num="54" count="2" type="stmt"/>
        <line num="57" count="9" type="cond" truecount="4" falsecount="0"/>
        <line num="58" count="2" type="stmt"/>
        <line num="61" count="9" type="cond" truecount="6" falsecount="0"/>
        <line num="63" count="2" type="stmt"/>
        <line num="68" count="9" type="stmt"/>
        <line num="75" count="2" type="stmt"/>
        <line num="76" count="2" type="cond" truecount="2" falsecount="0"/>
        <line num="77" count="2" type="cond" truecount="2" falsecount="0"/>
        <line num="80" count="2" type="stmt"/>
        <line num="92" count="2" type="stmt"/>
        <line num="93" count="2" type="stmt"/>
        <line num="94" count="2" type="stmt"/>
        <line num="97" count="2" type="stmt"/>
        <line num="99" count="2" type="stmt"/>
        <line num="108" count="2" type="stmt"/>
        <line num="109" count="4" type="stmt"/>
        <line num="111" count="12" type="cond" truecount="4" falsecount="0"/>
        <line num="112" count="2" type="stmt"/>
        <line num="116" count="10" type="cond" truecount="2" falsecount="2"/>
        <line num="117" count="0" type="stmt"/>
        <line num="121" count="10" type="cond" truecount="2" falsecount="2"/>
        <line num="122" count="0" type="stmt"/>
        <line num="124" count="10" type="cond" truecount="2" falsecount="2"/>
        <line num="125" count="0" type="stmt"/>
        <line num="129" count="10" type="cond" truecount="4" falsecount="0"/>
        <line num="130" count="1" type="stmt"/>
        <line num="132" count="9" type="cond" truecount="4" falsecount="0"/>
        <line num="133" count="1" type="stmt"/>
        <line num="137" count="8" type="cond" truecount="2" falsecount="2"/>
        <line num="138" count="0" type="stmt"/>
        <line num="141" count="8" type="stmt"/>
        <line num="146" count="2" type="stmt"/>
        <line num="147" count="2" type="stmt"/>
        <line num="148" count="4" type="stmt"/>
        <line num="150" count="2" type="cond" truecount="2" falsecount="0"/>
        <line num="151" count="1" type="stmt"/>
        <line num="154" count="1" type="stmt"/>
        <line num="158" count="2" type="stmt"/>
        <line num="159" count="2" type="stmt"/>
        <line num="165" count="2" type="stmt"/>
        <line num="166" count="2" type="cond" truecount="2" falsecount="0"/>
        <line num="167" count="1" type="stmt"/>
        <line num="171" count="1" type="stmt"/>
        <line num="177" count="1" type="stmt"/>
        <line num="179" count="1" type="stmt"/>
        <line num="183" count="2" type="stmt"/>
        <line num="184" count="1" type="stmt"/>
        <line num="185" count="1" type="stmt"/>
        <line num="187" count="1" type="cond" truecount="1" falsecount="1"/>
        <line num="188" count="0" type="stmt"/>
        <line num="191" count="1" type="stmt"/>
        <line num="193" count="1" type="stmt"/>
        <line num="199" count="1" type="cond" truecount="1" falsecount="1"/>
        <line num="200" count="0" type="stmt"/>
        <line num="204" count="1" type="cond" truecount="3" falsecount="1"/>
        <line num="205" count="0" type="stmt"/>
        <line num="209" count="1" type="stmt"/>
        <line num="210" count="1" type="cond" truecount="1" falsecount="1"/>
        <line num="211" count="0" type="stmt"/>
        <line num="215" count="1" type="stmt"/>
        <line num="217" count="1" type="stmt"/>
        <line num="219" count="0" type="stmt"/>
        <line num="220" count="0" type="stmt"/>
        <line num="225" count="2" type="stmt"/>
        <line num="226" count="1" type="stmt"/>
        <line num="227" count="4" type="stmt"/>
        <line num="229" count="1" type="cond" truecount="1" falsecount="1"/>
        <line num="230" count="0" type="stmt"/>
        <line num="234" count="1" type="stmt"/>
        <line num="236" count="1" type="stmt"/>
        <line num="239" count="2" type="stmt"/>
      </file>
    </package>
    <package name="routes">
      <metrics statements="15" coveredstatements="12" conditionals="0" coveredconditionals="0" methods="2" coveredmethods="0"/>
      <file name="cars.js" path="D:\Faculty\MPP\CarShopBackend\routes\cars.js">
        <metrics statements="15" coveredstatements="12" conditionals="0" coveredconditionals="0" methods="2" coveredmethods="0"/>
        <line num="2" count="1" type="stmt"/>
        <line num="3" count="1" type="stmt"/>
        <line num="4" count="1" type="stmt"/>
        <line num="11" count="1" type="stmt"/>
        <line num="14" count="1" type="stmt"/>
        <line num="16" count="0" type="stmt"/>
        <line num="19" count="0" type="stmt"/>
        <line num="20" count="0" type="stmt"/>
        <line num="24" count="1" type="stmt"/>
        <line num="27" count="1" type="stmt"/>
        <line num="30" count="1" type="stmt"/>
        <line num="33" count="1" type="stmt"/>
        <line num="36" count="1" type="stmt"/>
        <line num="39" count="1" type="stmt"/>
        <line num="41" count="1" type="stmt"/>
      </file>
    </package>
  </project>
</coverage>
