{"D:\\Faculty\\MPP\\CarShopBackend\\controllers\\carController.js": {"path":"D:\\Faculty\\MPP\\CarShopBackend\\controllers\\carController.js","statementMap":{"0":{"start":{"line":2,"column":18},"end":{"line":2,"column":44}},"1":{"start":{"line":3,"column":11},"end":{"line":3,"column":24}},"2":{"start":{"line":4,"column":13},"end":{"line":4,"column":28}},"3":{"start":{"line":7,"column":17},"end":{"line":42,"column":1}},"4":{"start":{"line":45,"column":24},"end":{"line":72,"column":1}},"5":{"start":{"line":46,"column":17},"end":{"line":46,"column":19}},"6":{"start":{"line":49,"column":2},"end":{"line":51,"column":3}},"7":{"start":{"line":50,"column":4},"end":{"line":50,"column":36}},"8":{"start":{"line":53,"column":2},"end":{"line":55,"column":3}},"9":{"start":{"line":54,"column":4},"end":{"line":54,"column":37}},"10":{"start":{"line":57,"column":2},"end":{"line":59,"column":3}},"11":{"start":{"line":58,"column":4},"end":{"line":58,"column":36}},"12":{"start":{"line":61,"column":2},"end":{"line":64,"column":3}},"13":{"start":{"line":63,"column":4},"end":{"line":63,"column":37}},"14":{"start":{"line":68,"column":2},"end":{"line":71,"column":4}},"15":{"start":{"line":75,"column":16},"end":{"line":105,"column":1}},"16":{"start":{"line":76,"column":15},"end":{"line":76,"column":44}},"17":{"start":{"line":77,"column":16},"end":{"line":77,"column":47}},"18":{"start":{"line":80,"column":21},"end":{"line":89,"column":4}},"19":{"start":{"line":92,"column":21},"end":{"line":92,"column":39}},"20":{"start":{"line":93,"column":19},"end":{"line":93,"column":31}},"21":{"start":{"line":94,"column":21},"end":{"line":94,"column":59}},"22":{"start":{"line":97,"column":24},"end":{"line":97,"column":64}},"23":{"start":{"line":99,"column":2},"end":{"line":104,"column":5}},"24":{"start":{"line":108,"column":19},"end":{"line":143,"column":1}},"25":{"start":{"line":109,"column":2},"end":{"line":142,"column":5}},"26":{"start":{"line":111,"column":4},"end":{"line":113,"column":5}},"27":{"start":{"line":112,"column":6},"end":{"line":112,"column":19}},"28":{"start":{"line":116,"column":4},"end":{"line":118,"column":5}},"29":{"start":{"line":117,"column":6},"end":{"line":117,"column":19}},"30":{"start":{"line":121,"column":4},"end":{"line":123,"column":5}},"31":{"start":{"line":122,"column":6},"end":{"line":122,"column":19}},"32":{"start":{"line":124,"column":4},"end":{"line":126,"column":5}},"33":{"start":{"line":125,"column":6},"end":{"line":125,"column":19}},"34":{"start":{"line":129,"column":4},"end":{"line":131,"column":5}},"35":{"start":{"line":130,"column":6},"end":{"line":130,"column":19}},"36":{"start":{"line":132,"column":4},"end":{"line":134,"column":5}},"37":{"start":{"line":133,"column":6},"end":{"line":133,"column":19}},"38":{"start":{"line":137,"column":4},"end":{"line":139,"column":5}},"39":{"start":{"line":138,"column":6},"end":{"line":138,"column":19}},"40":{"start":{"line":141,"column":4},"end":{"line":141,"column":16}},"41":{"start":{"line":146,"column":19},"end":{"line":155,"column":1}},"42":{"start":{"line":147,"column":16},"end":{"line":147,"column":39}},"43":{"start":{"line":148,"column":14},"end":{"line":148,"column":53}},"44":{"start":{"line":148,"column":38},"end":{"line":148,"column":52}},"45":{"start":{"line":150,"column":2},"end":{"line":152,"column":3}},"46":{"start":{"line":151,"column":4},"end":{"line":151,"column":60}},"47":{"start":{"line":154,"column":2},"end":{"line":154,"column":16}},"48":{"start":{"line":158,"column":18},"end":{"line":180,"column":1}},"49":{"start":{"line":159,"column":18},"end":{"line":162,"column":3}},"50":{"start":{"line":165,"column":21},"end":{"line":165,"column":45}},"51":{"start":{"line":166,"column":2},"end":{"line":168,"column":3}},"52":{"start":{"line":167,"column":4},"end":{"line":167,"column":63}},"53":{"start":{"line":171,"column":17},"end":{"line":174,"column":3}},"54":{"start":{"line":177,"column":2},"end":{"line":177,"column":29}},"55":{"start":{"line":179,"column":2},"end":{"line":179,"column":31}},"56":{"start":{"line":183,"column":18},"end":{"line":222,"column":1}},"57":{"start":{"line":184,"column":16},"end":{"line":184,"column":39}},"58":{"start":{"line":185,"column":19},"end":{"line":185,"column":63}},"59":{"start":{"line":185,"column":48},"end":{"line":185,"column":62}},"60":{"start":{"line":187,"column":2},"end":{"line":189,"column":3}},"61":{"start":{"line":188,"column":4},"end":{"line":188,"column":60}},"62":{"start":{"line":191,"column":2},"end":{"line":221,"column":3}},"63":{"start":{"line":193,"column":23},"end":{"line":196,"column":5}},"64":{"start":{"line":199,"column":4},"end":{"line":201,"column":5}},"65":{"start":{"line":200,"column":6},"end":{"line":200,"column":41}},"66":{"start":{"line":204,"column":4},"end":{"line":206,"column":5}},"67":{"start":{"line":205,"column":6},"end":{"line":205,"column":52}},"68":{"start":{"line":209,"column":23},"end":{"line":209,"column":50}},"69":{"start":{"line":210,"column":4},"end":{"line":212,"column":5}},"70":{"start":{"line":211,"column":6},"end":{"line":211,"column":65}},"71":{"start":{"line":215,"column":4},"end":{"line":215,"column":41}},"72":{"start":{"line":217,"column":4},"end":{"line":217,"column":25}},"73":{"start":{"line":219,"column":4},"end":{"line":219,"column":48}},"74":{"start":{"line":220,"column":4},"end":{"line":220,"column":61}},"75":{"start":{"line":225,"column":18},"end":{"line":237,"column":1}},"76":{"start":{"line":226,"column":16},"end":{"line":226,"column":39}},"77":{"start":{"line":227,"column":19},"end":{"line":227,"column":63}},"78":{"start":{"line":227,"column":48},"end":{"line":227,"column":62}},"79":{"start":{"line":229,"column":2},"end":{"line":231,"column":3}},"80":{"start":{"line":230,"column":4},"end":{"line":230,"column":60}},"81":{"start":{"line":234,"column":2},"end":{"line":234,"column":36}},"82":{"start":{"line":236,"column":2},"end":{"line":236,"column":52}},"83":{"start":{"line":239,"column":0},"end":{"line":248,"column":2}}},"fnMap":{"0":{"name":"(anonymous_0)","decl":{"start":{"line":45,"column":24},"end":{"line":45,"column":25}},"loc":{"start":{"line":45,"column":33},"end":{"line":72,"column":1}},"line":45},"1":{"name":"(anonymous_1)","decl":{"start":{"line":75,"column":16},"end":{"line":75,"column":17}},"loc":{"start":{"line":75,"column":30},"end":{"line":105,"column":1}},"line":75},"2":{"name":"(anonymous_2)","decl":{"start":{"line":108,"column":19},"end":{"line":108,"column":20}},"loc":{"start":{"line":108,"column":94},"end":{"line":143,"column":1}},"line":108},"3":{"name":"(anonymous_3)","decl":{"start":{"line":109,"column":21},"end":{"line":109,"column":22}},"loc":{"start":{"line":109,"column":28},"end":{"line":142,"column":3}},"line":109},"4":{"name":"(anonymous_4)","decl":{"start":{"line":146,"column":19},"end":{"line":146,"column":20}},"loc":{"start":{"line":146,"column":33},"end":{"line":155,"column":1}},"line":146},"5":{"name":"(anonymous_5)","decl":{"start":{"line":148,"column":33},"end":{"line":148,"column":34}},"loc":{"start":{"line":148,"column":38},"end":{"line":148,"column":52}},"line":148},"6":{"name":"(anonymous_6)","decl":{"start":{"line":158,"column":18},"end":{"line":158,"column":19}},"loc":{"start":{"line":158,"column":32},"end":{"line":180,"column":1}},"line":158},"7":{"name":"(anonymous_7)","decl":{"start":{"line":183,"column":18},"end":{"line":183,"column":19}},"loc":{"start":{"line":183,"column":32},"end":{"line":222,"column":1}},"line":183},"8":{"name":"(anonymous_8)","decl":{"start":{"line":185,"column":43},"end":{"line":185,"column":44}},"loc":{"start":{"line":185,"column":48},"end":{"line":185,"column":62}},"line":185},"9":{"name":"(anonymous_9)","decl":{"start":{"line":225,"column":18},"end":{"line":225,"column":19}},"loc":{"start":{"line":225,"column":32},"end":{"line":237,"column":1}},"line":225},"10":{"name":"(anonymous_10)","decl":{"start":{"line":227,"column":43},"end":{"line":227,"column":44}},"loc":{"start":{"line":227,"column":48},"end":{"line":227,"column":62}},"line":227}},"branchMap":{"0":{"loc":{"start":{"line":49,"column":2},"end":{"line":51,"column":3}},"type":"if","locations":[{"start":{"line":49,"column":2},"end":{"line":51,"column":3}},{"start":{},"end":{}}],"line":49},"1":{"loc":{"start":{"line":49,"column":6},"end":{"line":49,"column":41}},"type":"binary-expr","locations":[{"start":{"line":49,"column":6},"end":{"line":49,"column":15}},{"start":{"line":49,"column":19},"end":{"line":49,"column":41}}],"line":49},"2":{"loc":{"start":{"line":53,"column":2},"end":{"line":55,"column":3}},"type":"if","locations":[{"start":{"line":53,"column":2},"end":{"line":55,"column":3}},{"start":{},"end":{}}],"line":53},"3":{"loc":{"start":{"line":53,"column":6},"end":{"line":53,"column":43}},"type":"binary-expr","locations":[{"start":{"line":53,"column":6},"end":{"line":53,"column":16}},{"start":{"line":53,"column":20},"end":{"line":53,"column":43}}],"line":53},"4":{"loc":{"start":{"line":57,"column":2},"end":{"line":59,"column":3}},"type":"if","locations":[{"start":{"line":57,"column":2},"end":{"line":59,"column":3}},{"start":{},"end":{}}],"line":57},"5":{"loc":{"start":{"line":57,"column":6},"end":{"line":57,"column":52}},"type":"binary-expr","locations":[{"start":{"line":57,"column":6},"end":{"line":57,"column":15}},{"start":{"line":57,"column":19},"end":{"line":57,"column":52}}],"line":57},"6":{"loc":{"start":{"line":61,"column":2},"end":{"line":64,"column":3}},"type":"if","locations":[{"start":{"line":61,"column":2},"end":{"line":64,"column":3}},{"start":{},"end":{}}],"line":61},"7":{"loc":{"start":{"line":61,"column":6},"end":{"line":62,"column":64}},"type":"binary-expr","locations":[{"start":{"line":61,"column":6},"end":{"line":61,"column":29}},{"start":{"line":61,"column":33},"end":{"line":61,"column":51}},{"start":{"line":62,"column":7},"end":{"line":62,"column":36}},{"start":{"line":62,"column":40},"end":{"line":62,"column":63}}],"line":61},"8":{"loc":{"start":{"line":76,"column":15},"end":{"line":76,"column":44}},"type":"binary-expr","locations":[{"start":{"line":76,"column":15},"end":{"line":76,"column":39}},{"start":{"line":76,"column":43},"end":{"line":76,"column":44}}],"line":76},"9":{"loc":{"start":{"line":77,"column":16},"end":{"line":77,"column":47}},"type":"binary-expr","locations":[{"start":{"line":77,"column":16},"end":{"line":77,"column":41}},{"start":{"line":77,"column":45},"end":{"line":77,"column":47}}],"line":77},"10":{"loc":{"start":{"line":111,"column":4},"end":{"line":113,"column":5}},"type":"if","locations":[{"start":{"line":111,"column":4},"end":{"line":113,"column":5}},{"start":{},"end":{}}],"line":111},"11":{"loc":{"start":{"line":111,"column":8},"end":{"line":111,"column":61}},"type":"binary-expr","locations":[{"start":{"line":111,"column":8},"end":{"line":111,"column":12}},{"start":{"line":111,"column":16},"end":{"line":111,"column":61}}],"line":111},"12":{"loc":{"start":{"line":116,"column":4},"end":{"line":118,"column":5}},"type":"if","locations":[{"start":{"line":116,"column":4},"end":{"line":118,"column":5}},{"start":{},"end":{}}],"line":116},"13":{"loc":{"start":{"line":116,"column":8},"end":{"line":116,"column":64}},"type":"binary-expr","locations":[{"start":{"line":116,"column":8},"end":{"line":116,"column":13}},{"start":{"line":116,"column":17},"end":{"line":116,"column":64}}],"line":116},"14":{"loc":{"start":{"line":121,"column":4},"end":{"line":123,"column":5}},"type":"if","locations":[{"start":{"line":121,"column":4},"end":{"line":123,"column":5}},{"start":{},"end":{}}],"line":121},"15":{"loc":{"start":{"line":121,"column":8},"end":{"line":121,"column":57}},"type":"binary-expr","locations":[{"start":{"line":121,"column":8},"end":{"line":121,"column":15}},{"start":{"line":121,"column":19},"end":{"line":121,"column":57}}],"line":121},"16":{"loc":{"start":{"line":124,"column":4},"end":{"line":126,"column":5}},"type":"if","locations":[{"start":{"line":124,"column":4},"end":{"line":126,"column":5}},{"start":{},"end":{}}],"line":124},"17":{"loc":{"start":{"line":124,"column":8},"end":{"line":124,"column":57}},"type":"binary-expr","locations":[{"start":{"line":124,"column":8},"end":{"line":124,"column":15}},{"start":{"line":124,"column":19},"end":{"line":124,"column":57}}],"line":124},"18":{"loc":{"start":{"line":129,"column":4},"end":{"line":131,"column":5}},"type":"if","locations":[{"start":{"line":129,"column":4},"end":{"line":131,"column":5}},{"start":{},"end":{}}],"line":129},"19":{"loc":{"start":{"line":129,"column":8},"end":{"line":129,"column":50}},"type":"binary-expr","locations":[{"start":{"line":129,"column":8},"end":{"line":129,"column":16}},{"start":{"line":129,"column":20},"end":{"line":129,"column":50}}],"line":129},"20":{"loc":{"start":{"line":132,"column":4},"end":{"line":134,"column":5}},"type":"if","locations":[{"start":{"line":132,"column":4},"end":{"line":134,"column":5}},{"start":{},"end":{}}],"line":132},"21":{"loc":{"start":{"line":132,"column":8},"end":{"line":132,"column":50}},"type":"binary-expr","locations":[{"start":{"line":132,"column":8},"end":{"line":132,"column":16}},{"start":{"line":132,"column":20},"end":{"line":132,"column":50}}],"line":132},"22":{"loc":{"start":{"line":137,"column":4},"end":{"line":139,"column":5}},"type":"if","locations":[{"start":{"line":137,"column":4},"end":{"line":139,"column":5}},{"start":{},"end":{}}],"line":137},"23":{"loc":{"start":{"line":137,"column":8},"end":{"line":137,"column":45}},"type":"binary-expr","locations":[{"start":{"line":137,"column":8},"end":{"line":137,"column":16}},{"start":{"line":137,"column":20},"end":{"line":137,"column":45}}],"line":137},"24":{"loc":{"start":{"line":150,"column":2},"end":{"line":152,"column":3}},"type":"if","locations":[{"start":{"line":150,"column":2},"end":{"line":152,"column":3}},{"start":{},"end":{}}],"line":150},"25":{"loc":{"start":{"line":161,"column":9},"end":{"line":161,"column":57}},"type":"cond-expr","locations":[{"start":{"line":161,"column":20},"end":{"line":161,"column":37}},{"start":{"line":161,"column":40},"end":{"line":161,"column":57}}],"line":161},"26":{"loc":{"start":{"line":166,"column":2},"end":{"line":168,"column":3}},"type":"if","locations":[{"start":{"line":166,"column":2},"end":{"line":168,"column":3}},{"start":{},"end":{}}],"line":166},"27":{"loc":{"start":{"line":187,"column":2},"end":{"line":189,"column":3}},"type":"if","locations":[{"start":{"line":187,"column":2},"end":{"line":189,"column":3}},{"start":{},"end":{}}],"line":187},"28":{"loc":{"start":{"line":199,"column":4},"end":{"line":201,"column":5}},"type":"if","locations":[{"start":{"line":199,"column":4},"end":{"line":201,"column":5}},{"start":{},"end":{}}],"line":199},"29":{"loc":{"start":{"line":204,"column":4},"end":{"line":206,"column":5}},"type":"if","locations":[{"start":{"line":204,"column":4},"end":{"line":206,"column":5}},{"start":{},"end":{}}],"line":204},"30":{"loc":{"start":{"line":204,"column":8},"end":{"line":204,"column":64}},"type":"binary-expr","locations":[{"start":{"line":204,"column":8},"end":{"line":204,"column":24}},{"start":{"line":204,"column":28},"end":{"line":204,"column":64}}],"line":204},"31":{"loc":{"start":{"line":210,"column":4},"end":{"line":212,"column":5}},"type":"if","locations":[{"start":{"line":210,"column":4},"end":{"line":212,"column":5}},{"start":{},"end":{}}],"line":210},"32":{"loc":{"start":{"line":229,"column":2},"end":{"line":231,"column":3}},"type":"if","locations":[{"start":{"line":229,"column":2},"end":{"line":231,"column":3}},{"start":{},"end":{}}],"line":229}},"s":{"0":2,"1":2,"2":2,"3":2,"4":2,"5":9,"6":9,"7":2,"8":9,"9":2,"10":9,"11":2,"12":9,"13":2,"14":9,"15":2,"16":2,"17":2,"18":2,"19":2,"20":2,"21":2,"22":2,"23":2,"24":2,"25":4,"26":12,"27":2,"28":10,"29":0,"30":10,"31":0,"32":10,"33":0,"34":10,"35":1,"36":9,"37":1,"38":8,"39":0,"40":8,"41":2,"42":2,"43":2,"44":4,"45":2,"46":1,"47":1,"48":2,"49":2,"50":2,"51":2,"52":1,"53":1,"54":1,"55":1,"56":2,"57":1,"58":1,"59":1,"60":1,"61":0,"62":1,"63":1,"64":1,"65":0,"66":1,"67":0,"68":1,"69":1,"70":0,"71":1,"72":1,"73":0,"74":0,"75":2,"76":1,"77":1,"78":4,"79":1,"80":0,"81":1,"82":1,"83":2},"f":{"0":9,"1":2,"2":4,"3":12,"4":2,"5":4,"6":2,"7":1,"8":1,"9":1,"10":4},"b":{"0":[2,7],"1":[9,7],"2":[2,7],"3":[9,7],"4":[2,7],"5":[9,7],"6":[2,7],"7":[9,8,8,2],"8":[2,2],"9":[2,2],"10":[2,10],"11":[12,6],"12":[0,10],"13":[10,0],"14":[0,10],"15":[10,0],"16":[0,10],"17":[10,0],"18":[1,9],"19":[10,3],"20":[1,8],"21":[9,2],"22":[0,8],"23":[8,0],"24":[1,1],"25":[0,2],"26":[1,1],"27":[0,1],"28":[0,1],"29":[0,1],"30":[1,1],"31":[0,1],"32":[0,1]},"_coverageSchema":"1a1c01bbd47fc00a2c39e90264f33305004495a9","hash":"88cd83603257860564c87efe953e692127a1b7a1"}
,"D:\\Faculty\\MPP\\CarShopBackend\\routes\\cars.js": {"path":"D:\\Faculty\\MPP\\CarShopBackend\\routes\\cars.js","statementMap":{"0":{"start":{"line":2,"column":16},"end":{"line":2,"column":34}},"1":{"start":{"line":3,"column":15},"end":{"line":3,"column":31}},"2":{"start":{"line":4,"column":15},"end":{"line":4,"column":32}},"3":{"start":{"line":11,"column":4},"end":{"line":11,"column":43}},"4":{"start":{"line":14,"column":16},"end":{"line":22,"column":2}},"5":{"start":{"line":16,"column":4},"end":{"line":16,"column":25}},"6":{"start":{"line":19,"column":25},"end":{"line":19,"column":75}},"7":{"start":{"line":20,"column":4},"end":{"line":20,"column":53}},"8":{"start":{"line":24,"column":15},"end":{"line":24,"column":34}},"9":{"start":{"line":27,"column":0},"end":{"line":27,"column":25}},"10":{"start":{"line":30,"column":0},"end":{"line":30,"column":31}},"11":{"start":{"line":33,"column":0},"end":{"line":33,"column":52}},"12":{"start":{"line":36,"column":0},"end":{"line":36,"column":54}},"13":{"start":{"line":39,"column":0},"end":{"line":39,"column":33}},"14":{"start":{"line":41,"column":0},"end":{"line":41,"column":24}}},"fnMap":{"0":{"name":"(anonymous_0)","decl":{"start":{"line":15,"column":15},"end":{"line":15,"column":16}},"loc":{"start":{"line":15,"column":34},"end":{"line":17,"column":3}},"line":15},"1":{"name":"(anonymous_1)","decl":{"start":{"line":18,"column":12},"end":{"line":18,"column":13}},"loc":{"start":{"line":18,"column":31},"end":{"line":21,"column":3}},"line":18}},"branchMap":{},"s":{"0":1,"1":1,"2":1,"3":1,"4":1,"5":0,"6":0,"7":0,"8":1,"9":1,"10":1,"11":1,"12":1,"13":1,"14":1},"f":{"0":0,"1":0},"b":{},"_coverageSchema":"1a1c01bbd47fc00a2c39e90264f33305004495a9","hash":"a3a71060d957ca722a50c8bfddda3c5387437ccb"}
}
