TN:
SF:controllers\carController.js
FN:45,(anonymous_0)
FN:75,(anonymous_1)
FN:108,(anonymous_2)
FN:109,(anonymous_3)
FN:146,(anonymous_4)
FN:148,(anonymous_5)
FN:158,(anonymous_6)
FN:183,(anonymous_7)
FN:185,(anonymous_8)
FN:225,(anonymous_9)
FN:227,(anonymous_10)
FNF:11
FNH:11
FNDA:9,(anonymous_0)
FNDA:2,(anonymous_1)
FNDA:4,(anonymous_2)
FNDA:12,(anonymous_3)
FNDA:2,(anonymous_4)
FNDA:4,(anonymous_5)
FNDA:2,(anonymous_6)
FNDA:1,(anonymous_7)
FNDA:1,(anonymous_8)
FNDA:1,(anonymous_9)
FNDA:4,(anonymous_10)
DA:2,2
DA:3,2
DA:4,2
DA:7,2
DA:45,2
DA:46,9
DA:49,9
DA:50,2
DA:53,9
DA:54,2
DA:57,9
DA:58,2
DA:61,9
DA:63,2
DA:68,9
DA:75,2
DA:76,2
DA:77,2
DA:80,2
DA:92,2
DA:93,2
DA:94,2
DA:97,2
DA:99,2
DA:108,2
DA:109,4
DA:111,12
DA:112,2
DA:116,10
DA:117,0
DA:121,10
DA:122,0
DA:124,10
DA:125,0
DA:129,10
DA:130,1
DA:132,9
DA:133,1
DA:137,8
DA:138,0
DA:141,8
DA:146,2
DA:147,2
DA:148,4
DA:150,2
DA:151,1
DA:154,1
DA:158,2
DA:159,2
DA:165,2
DA:166,2
DA:167,1
DA:171,1
DA:177,1
DA:179,1
DA:183,2
DA:184,1
DA:185,1
DA:187,1
DA:188,0
DA:191,1
DA:193,1
DA:199,1
DA:200,0
DA:204,1
DA:205,0
DA:209,1
DA:210,1
DA:211,0
DA:215,1
DA:217,1
DA:219,0
DA:220,0
DA:225,2
DA:226,1
DA:227,4
DA:229,1
DA:230,0
DA:234,1
DA:236,1
DA:239,2
LF:81
LH:70
BRDA:49,0,0,2
BRDA:49,0,1,7
BRDA:49,1,0,9
BRDA:49,1,1,7
BRDA:53,2,0,2
BRDA:53,2,1,7
BRDA:53,3,0,9
BRDA:53,3,1,7
BRDA:57,4,0,2
BRDA:57,4,1,7
BRDA:57,5,0,9
BRDA:57,5,1,7
BRDA:61,6,0,2
BRDA:61,6,1,7
BRDA:61,7,0,9
BRDA:61,7,1,8
BRDA:61,7,2,8
BRDA:61,7,3,2
BRDA:76,8,0,2
BRDA:76,8,1,2
BRDA:77,9,0,2
BRDA:77,9,1,2
BRDA:111,10,0,2
BRDA:111,10,1,10
BRDA:111,11,0,12
BRDA:111,11,1,6
BRDA:116,12,0,0
BRDA:116,12,1,10
BRDA:116,13,0,10
BRDA:116,13,1,0
BRDA:121,14,0,0
BRDA:121,14,1,10
BRDA:121,15,0,10
BRDA:121,15,1,0
BRDA:124,16,0,0
BRDA:124,16,1,10
BRDA:124,17,0,10
BRDA:124,17,1,0
BRDA:129,18,0,1
BRDA:129,18,1,9
BRDA:129,19,0,10
BRDA:129,19,1,3
BRDA:132,20,0,1
BRDA:132,20,1,8
BRDA:132,21,0,9
BRDA:132,21,1,2
BRDA:137,22,0,0
BRDA:137,22,1,8
BRDA:137,23,0,8
BRDA:137,23,1,0
BRDA:150,24,0,1
BRDA:150,24,1,1
BRDA:161,25,0,0
BRDA:161,25,1,2
BRDA:166,26,0,1
BRDA:166,26,1,1
BRDA:187,27,0,0
BRDA:187,27,1,1
BRDA:199,28,0,0
BRDA:199,28,1,1
BRDA:204,29,0,0
BRDA:204,29,1,1
BRDA:204,30,0,1
BRDA:204,30,1,1
BRDA:210,31,0,0
BRDA:210,31,1,1
BRDA:229,32,0,0
BRDA:229,32,1,1
BRF:68
BRH:54
end_of_record
TN:
SF:routes\cars.js
FN:15,(anonymous_0)
FN:18,(anonymous_1)
FNF:2
FNH:0
FNDA:0,(anonymous_0)
FNDA:0,(anonymous_1)
DA:2,1
DA:3,1
DA:4,1
DA:11,1
DA:14,1
DA:16,0
DA:19,0
DA:20,0
DA:24,1
DA:27,1
DA:30,1
DA:33,1
DA:36,1
DA:39,1
DA:41,1
LF:15
LH:12
BRF:0
BRH:0
end_of_record
